<?xml version="1.0" encoding="UTF-8"?>
<testsuite name="service.ErrorScenariosTest" tests="20" skipped="0" failures="0" errors="0" timestamp="2026-08-13T21:59:16.350Z" hostname="muhammed-mbp" time="0.067">
  <properties/>
  <testcase name="AvroReader rejects unsupported URI schemes()" classname="service.ErrorScenariosTest" time="0.002"/>
  <testcase name="Paimon pipeline handles snapshot with only changelog manifests()" classname="service.ErrorScenariosTest" time="0.005"/>
  <testcase name="AvroReader throws on non-existent file()" classname="service.ErrorScenariosTest" time="0.001"/>
  <testcase name="AvroReader reads valid Avro via file URI()" classname="service.ErrorScenariosTest" time="0.002"/>
  <testcase name="AvroReader throws on truncated file()" classname="service.ErrorScenariosTest" time="0.006"/>
  <testcase name="Paimon pipeline handles mix of valid and invalid snapshots()" classname="service.ErrorScenariosTest" time="0.004"/>
  <testcase name="Paimon pipeline recovers from corrupt manifest list Avro()" classname="service.ErrorScenariosTest" time="0.003"/>
  <testcase name="Iceberg pipeline recovers from corrupt manifest list Avro()" classname="service.ErrorScenariosTest" time="0.004"/>
  <testcase name="AvroReader handles file URI for non-existent file()" classname="service.ErrorScenariosTest" time="0.001"/>
  <testcase name="Paimon graph builder creates error nodes for read errors()" classname="service.ErrorScenariosTest" time="0.005"/>
  <testcase name="Iceberg graph builder creates error nodes for read errors()" classname="service.ErrorScenariosTest" time="0.001"/>
  <testcase name="Paimon pipeline recovers from corrupt manifest Avro()" classname="service.ErrorScenariosTest" time="0.004"/>
  <testcase name="Iceberg errors propagate from reader through model to graph()" classname="service.ErrorScenariosTest" time="0.01"/>
  <testcase name="AvroReader throws on completely invalid file()" classname="service.ErrorScenariosTest" time="0.001"/>
  <testcase name="Paimon errors propagate from reader through model to graph()" classname="service.ErrorScenariosTest" time="0.003"/>
  <testcase name="Iceberg pipeline handles snapshot with null manifest-list()" classname="service.ErrorScenariosTest" time="0.002"/>
  <testcase name="Iceberg pipeline handles mix of valid and corrupt metadata JSONs()" classname="service.ErrorScenariosTest" time="0.004"/>
  <testcase name="AvroReader throws on empty file()" classname="service.ErrorScenariosTest" time="0.001"/>
  <testcase name="AvroReader returns empty result for valid Avro with zero records()" classname="service.ErrorScenariosTest" time="0.002"/>
  <testcase name="Iceberg pipeline recovers from corrupt manifest Avro()" classname="service.ErrorScenariosTest" time="0.004"/>
  <system-out><![CDATA[00:59:16.351 [Test worker] DEBUG service.AvroReader -- Reading Avro file: s3://bucket/path/file.avro (type=ManifestListEntry)
00:59:16.352 [Test worker] ERROR service.AvroReader -- Unsupported URI scheme in Avro path: s3://bucket/path/file.avro
00:59:16.352 [Test worker] DEBUG service.AvroReader -- Reading Avro file: hdfs://namenode/path/file.avro (type=ManifestListEntry)
00:59:16.352 [Test worker] ERROR service.AvroReader -- Unsupported URI scheme in Avro path: hdfs://namenode/path/file.avro
00:59:16.352 [Test worker] DEBUG service.AvroReader -- Reading Avro file: gs://bucket/path/file.avro (type=ManifestListEntry)
00:59:16.352 [Test worker] ERROR service.AvroReader -- Unsupported URI scheme in Avro path: gs://bucket/path/file.avro
00:59:16.354 [Test worker] INFO model.PaimonUnifiedModel -- Loading Paimon table: /var/folders/mt/9rxkrhjx4_92d65wrtq269_h0000gn/T/error-test2443440067502927210
00:59:16.354 [Test worker] DEBUG service.PaimonReader -- Reading Paimon schema: /var/folders/mt/9rxkrhjx4_92d65wrtq269_h0000gn/T/error-test2443440067502927210/schema/schema-0
00:59:16.355 [Test worker] DEBUG service.PaimonReader -- Paimon schema read: id=0, fields=0
00:59:16.355 [Test worker] INFO model.PaimonUnifiedModel --   Schemas loaded: 1
00:59:16.355 [Test worker] INFO model.PaimonUnifiedModel --   Snapshot files found: 1
00:59:16.355 [Test worker] DEBUG service.PaimonReader -- Reading Paimon snapshot: /var/folders/mt/9rxkrhjx4_92d65wrtq269_h0000gn/T/error-test2443440067502927210/snapshot/snapshot-1
00:59:16.355 [Test worker] DEBUG service.PaimonReader -- Paimon snapshot read: id=1, schemaId=0, commitKind=APPEND
00:59:16.355 [Test worker] DEBUG model.PaimonUnifiedModel -- Manifest list not in manifest/ subdir, falling back to table root: manifest/manifest-list-changelog-0
00:59:16.355 [Test worker] DEBUG service.PaimonReader -- Reading Paimon manifest list: /var/folders/mt/9rxkrhjx4_92d65wrtq269_h0000gn/T/error-test2443440067502927210/manifest/manifest-list-changelog-0
00:59:16.355 [Test worker] DEBUG service.AvroReader -- Reading Avro file: /var/folders/mt/9rxkrhjx4_92d65wrtq269_h0000gn/T/error-test2443440067502927210/manifest/manifest-list-changelog-0 (type=PaimonManifestFileMeta)
00:59:16.355 [Test worker] DEBUG service.AvroReader -- Avro file read complete: /var/folders/mt/9rxkrhjx4_92d65wrtq269_h0000gn/T/error-test2443440067502927210/manifest/manifest-list-changelog-0 (1 entries, 0 errors)
00:59:16.356 [Test worker] DEBUG service.PaimonReader -- Reading Paimon manifest: /var/folders/mt/9rxkrhjx4_92d65wrtq269_h0000gn/T/error-test2443440067502927210/manifest/manifest-0
00:59:16.356 [Test worker] DEBUG service.AvroReader -- Reading Avro file: /var/folders/mt/9rxkrhjx4_92d65wrtq269_h0000gn/T/error-test2443440067502927210/manifest/manifest-0 (type=PaimonManifestEntry)
00:59:16.356 [Test worker] DEBUG service.AvroReader -- Avro file read complete: /var/folders/mt/9rxkrhjx4_92d65wrtq269_h0000gn/T/error-test2443440067502927210/manifest/manifest-0 (1 entries, 0 errors)
00:59:16.356 [Test worker] DEBUG model.PaimonUnifiedModel -- Data file not found in bucket-0, falling back to table root: data-0.parquet
00:59:16.356 [Test worker] INFO model.PaimonUnifiedModel --   Paimon table loaded: 1 snapshots, 1 manifests, 1 data files, 0 errors
00:59:16.358 [Test worker] DEBUG service.AvroReader -- Reading Avro file: /nonexistent/file.avro (type=ManifestListEntry)
00:59:16.359 [Test worker] DEBUG service.AvroReader -- Reading Avro file: file:/var/folders/mt/9rxkrhjx4_92d65wrtq269_h0000gn/T/error-test1215506611375290370/via-uri.avro (type=ManifestListEntry)
00:59:16.360 [Test worker] DEBUG service.AvroReader -- Avro file read complete: file:/var/folders/mt/9rxkrhjx4_92d65wrtq269_h0000gn/T/error-test1215506611375290370/via-uri.avro (1 entries, 0 errors)
00:59:16.361 [Test worker] DEBUG service.AvroReader -- Reading Avro file: /var/folders/mt/9rxkrhjx4_92d65wrtq269_h0000gn/T/error-test93907437637781113/truncated.avro (type=ManifestListEntry)
00:59:16.368 [Test worker] INFO model.PaimonUnifiedModel -- Loading Paimon table: /var/folders/mt/9rxkrhjx4_92d65wrtq269_h0000gn/T/error-test6853468082115123389
00:59:16.368 [Test worker] DEBUG service.PaimonReader -- Reading Paimon schema: /var/folders/mt/9rxkrhjx4_92d65wrtq269_h0000gn/T/error-test6853468082115123389/schema/schema-0
00:59:16.368 [Test worker] DEBUG service.PaimonReader -- Paimon schema read: id=0, fields=0
00:59:16.368 [Test worker] INFO model.PaimonUnifiedModel --   Schemas loaded: 1
00:59:16.368 [Test worker] INFO model.PaimonUnifiedModel --   Snapshot files found: 3
00:59:16.368 [Test worker] DEBUG service.PaimonReader -- Reading Paimon snapshot: /var/folders/mt/9rxkrhjx4_92d65wrtq269_h0000gn/T/error-test6853468082115123389/snapshot/snapshot-3
00:59:16.368 [Test worker] DEBUG service.PaimonReader -- Paimon snapshot read: id=3, schemaId=0, commitKind=COMPACT
00:59:16.368 [Test worker] DEBUG service.PaimonReader -- Reading Paimon snapshot: /var/folders/mt/9rxkrhjx4_92d65wrtq269_h0000gn/T/error-test6853468082115123389/snapshot/snapshot-2
00:59:16.369 [Test worker] DEBUG service.PaimonReader -- Reading Paimon snapshot: /var/folders/mt/9rxkrhjx4_92d65wrtq269_h0000gn/T/error-test6853468082115123389/snapshot/snapshot-1
00:59:16.369 [Test worker] DEBUG service.PaimonReader -- Paimon snapshot read: id=1, schemaId=0, commitKind=APPEND
00:59:16.369 [Test worker] INFO model.PaimonUnifiedModel --   Paimon table loaded: 2 snapshots, 0 manifests, 0 data files, 1 errors
00:59:16.369 [Test worker] WARN model.PaimonUnifiedModel --   Read error [read-snapshot] /var/folders/mt/9rxkrhjx4_92d65wrtq269_h0000gn/T/error-test6853468082115123389/snapshot/snapshot-2: Unexpected JSON token at offset 0: Expected start of the object '{', but had 'C' instead at path: $
JSON input: CORRUPT JSON
00:59:16.372 [Test worker] INFO model.PaimonUnifiedModel -- Loading Paimon table: /var/folders/mt/9rxkrhjx4_92d65wrtq269_h0000gn/T/error-test13581248064252604270
00:59:16.372 [Test worker] DEBUG service.PaimonReader -- Reading Paimon schema: /var/folders/mt/9rxkrhjx4_92d65wrtq269_h0000gn/T/error-test13581248064252604270/schema/schema-0
00:59:16.372 [Test worker] DEBUG service.PaimonReader -- Paimon schema read: id=0, fields=0
00:59:16.372 [Test worker] INFO model.PaimonUnifiedModel --   Schemas loaded: 1
00:59:16.372 [Test worker] INFO model.PaimonUnifiedModel --   Snapshot files found: 1
00:59:16.372 [Test worker] DEBUG service.PaimonReader -- Reading Paimon snapshot: /var/folders/mt/9rxkrhjx4_92d65wrtq269_h0000gn/T/error-test13581248064252604270/snapshot/snapshot-1
00:59:16.372 [Test worker] DEBUG service.PaimonReader -- Paimon snapshot read: id=1, schemaId=0, commitKind=APPEND
00:59:16.373 [Test worker] DEBUG model.PaimonUnifiedModel -- Manifest list not in manifest/ subdir, falling back to table root: manifest/manifest-list-base-0
00:59:16.373 [Test worker] DEBUG service.PaimonReader -- Reading Paimon manifest list: /var/folders/mt/9rxkrhjx4_92d65wrtq269_h0000gn/T/error-test13581248064252604270/manifest/manifest-list-base-0
00:59:16.373 [Test worker] DEBUG service.AvroReader -- Reading Avro file: /var/folders/mt/9rxkrhjx4_92d65wrtq269_h0000gn/T/error-test13581248064252604270/manifest/manifest-list-base-0 (type=PaimonManifestFileMeta)
00:59:16.373 [Test worker] INFO model.PaimonUnifiedModel --   Paimon table loaded: 1 snapshots, 0 manifests, 0 data files, 1 errors
00:59:16.373 [Test worker] WARN model.PaimonUnifiedModel --   Snapshot read error [base-manifest-list] /var/folders/mt/9rxkrhjx4_92d65wrtq269_h0000gn/T/error-test13581248064252604270/manifest/manifest-list-base-0: Not an Avro data file.
00:59:16.376 [Test worker] INFO model.UnifiedModel -- Loading Iceberg table: /var/folders/mt/9rxkrhjx4_92d65wrtq269_h0000gn/T/error-test16859230626125225552
00:59:16.377 [Test worker] DEBUG service.IcebergReader -- Reading Iceberg metadata: /var/folders/mt/9rxkrhjx4_92d65wrtq269_h0000gn/T/error-test16859230626125225552/metadata/v1.metadata.json
00:59:16.377 [Test worker] DEBUG service.IcebergReader -- Iceberg metadata read: formatVersion=2, snapshots=1
00:59:16.377 [Test worker] DEBUG service.IcebergReader -- Reading Iceberg manifest list: /var/folders/mt/9rxkrhjx4_92d65wrtq269_h0000gn/T/error-test16859230626125225552/metadata/snap-1.avro
00:59:16.377 [Test worker] DEBUG service.AvroReader -- Reading Avro file: /var/folders/mt/9rxkrhjx4_92d65wrtq269_h0000gn/T/error-test16859230626125225552/metadata/snap-1.avro (type=ManifestListEntry)
00:59:16.377 [Test worker] INFO model.UnifiedModel --   Iceberg table loaded: 1 metadata files, 1 snapshots, 0 errors
00:59:16.379 [Test worker] DEBUG service.AvroReader -- Reading Avro file: file:///nonexistent/file.avro (type=ManifestListEntry)
00:59:16.388 [Test worker] INFO model.PaimonUnifiedModel -- Loading Paimon table: /var/folders/mt/9rxkrhjx4_92d65wrtq269_h0000gn/T/error-test9264286142473576807
00:59:16.388 [Test worker] DEBUG service.PaimonReader -- Reading Paimon schema: /var/folders/mt/9rxkrhjx4_92d65wrtq269_h0000gn/T/error-test9264286142473576807/schema/schema-0
00:59:16.388 [Test worker] DEBUG service.PaimonReader -- Paimon schema read: id=0, fields=0
00:59:16.388 [Test worker] INFO model.PaimonUnifiedModel --   Schemas loaded: 1
00:59:16.388 [Test worker] INFO model.PaimonUnifiedModel --   Snapshot files found: 1
00:59:16.388 [Test worker] DEBUG service.PaimonReader -- Reading Paimon snapshot: /var/folders/mt/9rxkrhjx4_92d65wrtq269_h0000gn/T/error-test9264286142473576807/snapshot/snapshot-1
00:59:16.388 [Test worker] DEBUG service.PaimonReader -- Paimon snapshot read: id=1, schemaId=0, commitKind=APPEND
00:59:16.388 [Test worker] DEBUG model.PaimonUnifiedModel -- Manifest list not in manifest/ subdir, falling back to table root: manifest/manifest-list-base-0
00:59:16.388 [Test worker] DEBUG service.PaimonReader -- Reading Paimon manifest list: /var/folders/mt/9rxkrhjx4_92d65wrtq269_h0000gn/T/error-test9264286142473576807/manifest/manifest-list-base-0
00:59:16.388 [Test worker] DEBUG service.AvroReader -- Reading Avro file: /var/folders/mt/9rxkrhjx4_92d65wrtq269_h0000gn/T/error-test9264286142473576807/manifest/manifest-list-base-0 (type=PaimonManifestFileMeta)
00:59:16.389 [Test worker] DEBUG service.AvroReader -- Avro file read complete: /var/folders/mt/9rxkrhjx4_92d65wrtq269_h0000gn/T/error-test9264286142473576807/manifest/manifest-list-base-0 (1 entries, 0 errors)
00:59:16.389 [Test worker] DEBUG service.PaimonReader -- Reading Paimon manifest: /var/folders/mt/9rxkrhjx4_92d65wrtq269_h0000gn/T/error-test9264286142473576807/manifest/manifest-0
00:59:16.389 [Test worker] DEBUG service.AvroReader -- Reading Avro file: /var/folders/mt/9rxkrhjx4_92d65wrtq269_h0000gn/T/error-test9264286142473576807/manifest/manifest-0 (type=PaimonManifestEntry)
00:59:16.389 [Test worker] INFO model.PaimonUnifiedModel --   Paimon table loaded: 1 snapshots, 1 manifests, 0 data files, 1 errors
00:59:16.389 [Test worker] WARN model.PaimonUnifiedModel --   Manifest read error [read-manifest] /var/folders/mt/9rxkrhjx4_92d65wrtq269_h0000gn/T/error-test9264286142473576807/manifest/manifest-0: Not an Avro data file.
00:59:16.392 [Test worker] INFO model.UnifiedModel -- Loading Iceberg table: /var/folders/mt/9rxkrhjx4_92d65wrtq269_h0000gn/T/error-test3805125068898013338
00:59:16.392 [Test worker] DEBUG service.IcebergReader -- Reading Iceberg metadata: /var/folders/mt/9rxkrhjx4_92d65wrtq269_h0000gn/T/error-test3805125068898013338/metadata/v1.metadata.json
00:59:16.399 [Test worker] DEBUG service.IcebergReader -- Iceberg metadata read: formatVersion=2, snapshots=1
00:59:16.399 [Test worker] DEBUG service.IcebergReader -- Reading Iceberg manifest list: /var/folders/mt/9rxkrhjx4_92d65wrtq269_h0000gn/T/error-test3805125068898013338/metadata/snap-1.avro
00:59:16.399 [Test worker] DEBUG service.AvroReader -- Reading Avro file: /var/folders/mt/9rxkrhjx4_92d65wrtq269_h0000gn/T/error-test3805125068898013338/metadata/snap-1.avro (type=ManifestListEntry)
00:59:16.399 [Test worker] INFO model.UnifiedModel --   Iceberg table loaded: 1 metadata files, 1 snapshots, 0 errors
00:59:16.401 [Test worker] DEBUG service.AvroReader -- Reading Avro file: /var/folders/mt/9rxkrhjx4_92d65wrtq269_h0000gn/T/error-test8957658453353588293/garbage.avro (type=ManifestListEntry)
00:59:16.402 [Test worker] INFO model.PaimonUnifiedModel -- Loading Paimon table: /var/folders/mt/9rxkrhjx4_92d65wrtq269_h0000gn/T/error-test4218008015537398861
00:59:16.403 [Test worker] DEBUG service.PaimonReader -- Reading Paimon schema: /var/folders/mt/9rxkrhjx4_92d65wrtq269_h0000gn/T/error-test4218008015537398861/schema/schema-0
00:59:16.403 [Test worker] DEBUG service.PaimonReader -- Paimon schema read: id=0, fields=0
00:59:16.403 [Test worker] INFO model.PaimonUnifiedModel --   Schemas loaded: 1
00:59:16.403 [Test worker] INFO model.PaimonUnifiedModel --   Snapshot files found: 1
00:59:16.403 [Test worker] DEBUG service.PaimonReader -- Reading Paimon snapshot: /var/folders/mt/9rxkrhjx4_92d65wrtq269_h0000gn/T/error-test4218008015537398861/snapshot/snapshot-1
00:59:16.403 [Test worker] DEBUG service.PaimonReader -- Paimon snapshot read: id=1, schemaId=0, commitKind=APPEND
00:59:16.403 [Test worker] DEBUG model.PaimonUnifiedModel -- Manifest list not in manifest/ subdir, falling back to table root: manifest/manifest-list-base-0
00:59:16.403 [Test worker] DEBUG service.PaimonReader -- Reading Paimon manifest list: /var/folders/mt/9rxkrhjx4_92d65wrtq269_h0000gn/T/error-test4218008015537398861/manifest/manifest-list-base-0
00:59:16.403 [Test worker] DEBUG service.AvroReader -- Reading Avro file: /var/folders/mt/9rxkrhjx4_92d65wrtq269_h0000gn/T/error-test4218008015537398861/manifest/manifest-list-base-0 (type=PaimonManifestFileMeta)
00:59:16.403 [Test worker] INFO model.PaimonUnifiedModel --   Paimon table loaded: 1 snapshots, 0 manifests, 0 data files, 1 errors
00:59:16.403 [Test worker] WARN model.PaimonUnifiedModel --   Snapshot read error [base-manifest-list] /var/folders/mt/9rxkrhjx4_92d65wrtq269_h0000gn/T/error-test4218008015537398861/manifest/manifest-list-base-0: Not an Avro data file.
00:59:16.405 [Test worker] INFO model.UnifiedModel -- Loading Iceberg table: /var/folders/mt/9rxkrhjx4_92d65wrtq269_h0000gn/T/error-test12085448888793887601
00:59:16.406 [Test worker] DEBUG service.IcebergReader -- Reading Iceberg metadata: /var/folders/mt/9rxkrhjx4_92d65wrtq269_h0000gn/T/error-test12085448888793887601/metadata/v1.metadata.json
00:59:16.406 [Test worker] DEBUG service.IcebergReader -- Iceberg metadata read: formatVersion=2, snapshots=1
00:59:16.406 [Test worker] DEBUG service.IcebergReader -- Reading Iceberg manifest list: /var/folders/mt/9rxkrhjx4_92d65wrtq269_h0000gn/T/error-test12085448888793887601/metadata
00:59:16.406 [Test worker] DEBUG service.AvroReader -- Reading Avro file: /var/folders/mt/9rxkrhjx4_92d65wrtq269_h0000gn/T/error-test12085448888793887601/metadata (type=ManifestListEntry)
00:59:16.406 [Test worker] INFO model.UnifiedModel --   Iceberg table loaded: 1 metadata files, 1 snapshots, 0 errors
00:59:16.408 [Test worker] INFO model.UnifiedModel -- Loading Iceberg table: /var/folders/mt/9rxkrhjx4_92d65wrtq269_h0000gn/T/error-test8514411557473355837
00:59:16.408 [Test worker] DEBUG service.IcebergReader -- Reading Iceberg metadata: /var/folders/mt/9rxkrhjx4_92d65wrtq269_h0000gn/T/error-test8514411557473355837/metadata/v3.metadata.json
00:59:16.408 [Test worker] DEBUG service.IcebergReader -- Iceberg metadata read: formatVersion=2, snapshots=1
00:59:16.408 [Test worker] DEBUG service.IcebergReader -- Reading Iceberg metadata: /var/folders/mt/9rxkrhjx4_92d65wrtq269_h0000gn/T/error-test8514411557473355837/metadata/v2.metadata.json
00:59:16.408 [Test worker] DEBUG service.IcebergReader -- Reading Iceberg metadata: /var/folders/mt/9rxkrhjx4_92d65wrtq269_h0000gn/T/error-test8514411557473355837/metadata/v1.metadata.json
00:59:16.409 [Test worker] DEBUG service.IcebergReader -- Iceberg metadata read: formatVersion=2, snapshots=1
00:59:16.409 [Test worker] DEBUG service.IcebergReader -- Reading Iceberg manifest list: /var/folders/mt/9rxkrhjx4_92d65wrtq269_h0000gn/T/error-test8514411557473355837/metadata/snap-3.avro
00:59:16.409 [Test worker] DEBUG service.AvroReader -- Reading Avro file: /var/folders/mt/9rxkrhjx4_92d65wrtq269_h0000gn/T/error-test8514411557473355837/metadata/snap-3.avro (type=ManifestListEntry)
00:59:16.409 [Test worker] DEBUG service.IcebergReader -- Reading Iceberg manifest list: /var/folders/mt/9rxkrhjx4_92d65wrtq269_h0000gn/T/error-test8514411557473355837/metadata/snap-1.avro
00:59:16.409 [Test worker] DEBUG service.AvroReader -- Reading Avro file: /var/folders/mt/9rxkrhjx4_92d65wrtq269_h0000gn/T/error-test8514411557473355837/metadata/snap-1.avro (type=ManifestListEntry)
00:59:16.409 [Test worker] INFO model.UnifiedModel --   Iceberg table loaded: 2 metadata files, 2 snapshots, 1 errors
00:59:16.409 [Test worker] WARN model.UnifiedModel --   Read error [read-metadata-json] /var/folders/mt/9rxkrhjx4_92d65wrtq269_h0000gn/T/error-test8514411557473355837/metadata/v2.metadata.json: Unexpected JSON token at offset 0: Expected start of the object '{', but had 'C' instead at path: $
JSON input: CORRUPT
00:59:16.411 [Test worker] DEBUG service.AvroReader -- Reading Avro file: /var/folders/mt/9rxkrhjx4_92d65wrtq269_h0000gn/T/error-test3332638295627223539/empty.avro (type=ManifestListEntry)
00:59:16.412 [Test worker] DEBUG service.AvroReader -- Reading Avro file: /var/folders/mt/9rxkrhjx4_92d65wrtq269_h0000gn/T/error-test6867825770356531818/empty-records.avro (type=ManifestListEntry)
00:59:16.413 [Test worker] DEBUG service.AvroReader -- Avro file read complete: /var/folders/mt/9rxkrhjx4_92d65wrtq269_h0000gn/T/error-test6867825770356531818/empty-records.avro (0 entries, 0 errors)
00:59:16.415 [Test worker] INFO model.UnifiedModel -- Loading Iceberg table: /var/folders/mt/9rxkrhjx4_92d65wrtq269_h0000gn/T/error-test7425541706860094008
00:59:16.415 [Test worker] DEBUG service.IcebergReader -- Reading Iceberg metadata: /var/folders/mt/9rxkrhjx4_92d65wrtq269_h0000gn/T/error-test7425541706860094008/metadata/v1.metadata.json
00:59:16.415 [Test worker] DEBUG service.IcebergReader -- Iceberg metadata read: formatVersion=2, snapshots=1
00:59:16.415 [Test worker] DEBUG service.IcebergReader -- Reading Iceberg manifest list: /var/folders/mt/9rxkrhjx4_92d65wrtq269_h0000gn/T/error-test7425541706860094008/metadata/snap-1.avro
00:59:16.415 [Test worker] DEBUG service.AvroReader -- Reading Avro file: /var/folders/mt/9rxkrhjx4_92d65wrtq269_h0000gn/T/error-test7425541706860094008/metadata/snap-1.avro (type=ManifestListEntry)
00:59:16.416 [Test worker] DEBUG service.AvroReader -- Avro file read complete: /var/folders/mt/9rxkrhjx4_92d65wrtq269_h0000gn/T/error-test7425541706860094008/metadata/snap-1.avro (1 entries, 0 errors)
00:59:16.416 [Test worker] DEBUG service.IcebergReader -- Reading Iceberg manifest: /var/folders/mt/9rxkrhjx4_92d65wrtq269_h0000gn/T/error-test7425541706860094008/metadata/manifest-1.avro
00:59:16.416 [Test worker] DEBUG service.AvroReader -- Reading Avro file: /var/folders/mt/9rxkrhjx4_92d65wrtq269_h0000gn/T/error-test7425541706860094008/metadata/manifest-1.avro (type=ManifestEntry)
00:59:16.416 [Test worker] INFO model.UnifiedModel --   Iceberg table loaded: 1 metadata files, 1 snapshots, 0 errors
]]></system-out>
  <system-err><![CDATA[]]></system-err>
</testsuite>
