<?xml version="1.0" encoding="UTF-8"?>
<testsuite name="model.PathResolutionTest" tests="14" skipped="0" failures="0" errors="0" timestamp="2026-08-13T21:58:44.169Z" hostname="muhammed-mbp" time="0.033">
  <properties/>
  <testcase name="data file with path traversal attempt is flagged()" classname="model.PathResolutionTest" time="0.005"/>
  <testcase name="resolveForceRelative handles empty path()" classname="model.PathResolutionTest" time="0.001"/>
  <testcase name="data file with relative path resolves from table root()" classname="model.PathResolutionTest" time="0.004"/>
  <testcase name="resolveForceRelative handles null path()" classname="model.PathResolutionTest" time="0.001"/>
  <testcase name="resolveForceRelative handles blank path()" classname="model.PathResolutionTest" time="0.0"/>
  <testcase name="resolveForceRelative strips trailing slash()" classname="model.PathResolutionTest" time="0.001"/>
  <testcase name="resolveForceRelative extracts last component from s3 path()" classname="model.PathResolutionTest" time="0.0"/>
  <testcase name="data file with empty filePath produces no path traversal error()" classname="model.PathResolutionTest" time="0.003"/>
  <testcase name="multiple data files with different paths all resolve()" classname="model.PathResolutionTest" time="0.006"/>
  <testcase name="resolveForceRelative extracts last component from absolute path()" classname="model.PathResolutionTest" time="0.002"/>
  <testcase name="resolveForceRelative handles path with only slashes()" classname="model.PathResolutionTest" time="0.001"/>
  <testcase name="resolveForceRelative handles simple filename()" classname="model.PathResolutionTest" time="0.0"/>
  <testcase name="data file with absolute path matching table prefix resolves correctly()" classname="model.PathResolutionTest" time="0.004"/>
  <testcase name="data file with cloud URI path resolves last component()" classname="model.PathResolutionTest" time="0.003"/>
  <system-out><![CDATA[00:58:44.171 [Test worker] INFO model.UnifiedModel -- Loading Iceberg table: /var/folders/mt/9rxkrhjx4_92d65wrtq269_h0000gn/T/path-resolve-test7350793416759452323
00:58:44.171 [Test worker] DEBUG service.IcebergReader -- Reading Iceberg metadata: /var/folders/mt/9rxkrhjx4_92d65wrtq269_h0000gn/T/path-resolve-test7350793416759452323/metadata/v1.metadata.json
00:58:44.172 [Test worker] DEBUG service.IcebergReader -- Iceberg metadata read: formatVersion=2, snapshots=1
00:58:44.172 [Test worker] DEBUG service.IcebergReader -- Reading Iceberg manifest list: /var/folders/mt/9rxkrhjx4_92d65wrtq269_h0000gn/T/path-resolve-test7350793416759452323/metadata/snap-1.avro
00:58:44.172 [Test worker] DEBUG service.AvroReader -- Reading Avro file: /var/folders/mt/9rxkrhjx4_92d65wrtq269_h0000gn/T/path-resolve-test7350793416759452323/metadata/snap-1.avro (type=ManifestListEntry)
00:58:44.172 [Test worker] DEBUG service.AvroReader -- Avro file read complete: /var/folders/mt/9rxkrhjx4_92d65wrtq269_h0000gn/T/path-resolve-test7350793416759452323/metadata/snap-1.avro (1 entries, 0 errors)
00:58:44.172 [Test worker] DEBUG service.IcebergReader -- Reading Iceberg manifest: /var/folders/mt/9rxkrhjx4_92d65wrtq269_h0000gn/T/path-resolve-test7350793416759452323/metadata/manifest-1.avro
00:58:44.172 [Test worker] DEBUG service.AvroReader -- Reading Avro file: /var/folders/mt/9rxkrhjx4_92d65wrtq269_h0000gn/T/path-resolve-test7350793416759452323/metadata/manifest-1.avro (type=ManifestEntry)
00:58:44.173 [Test worker] DEBUG service.AvroReader -- Avro file read complete: /var/folders/mt/9rxkrhjx4_92d65wrtq269_h0000gn/T/path-resolve-test7350793416759452323/metadata/manifest-1.avro (1 entries, 0 errors)
00:58:44.174 [Test worker] INFO model.UnifiedModel --   Iceberg table loaded: 1 metadata files, 1 snapshots, 0 errors
00:58:44.176 [Test worker] INFO model.UnifiedModel -- Loading Iceberg table: /var/folders/mt/9rxkrhjx4_92d65wrtq269_h0000gn/T/path-resolve-test37764031684904887
00:58:44.177 [Test worker] DEBUG service.IcebergReader -- Reading Iceberg metadata: /var/folders/mt/9rxkrhjx4_92d65wrtq269_h0000gn/T/path-resolve-test37764031684904887/metadata/v1.metadata.json
00:58:44.178 [Test worker] DEBUG service.IcebergReader -- Iceberg metadata read: formatVersion=2, snapshots=1
00:58:44.178 [Test worker] DEBUG service.IcebergReader -- Reading Iceberg manifest list: /var/folders/mt/9rxkrhjx4_92d65wrtq269_h0000gn/T/path-resolve-test37764031684904887/metadata/snap-1.avro
00:58:44.178 [Test worker] DEBUG service.AvroReader -- Reading Avro file: /var/folders/mt/9rxkrhjx4_92d65wrtq269_h0000gn/T/path-resolve-test37764031684904887/metadata/snap-1.avro (type=ManifestListEntry)
00:58:44.178 [Test worker] DEBUG service.AvroReader -- Avro file read complete: /var/folders/mt/9rxkrhjx4_92d65wrtq269_h0000gn/T/path-resolve-test37764031684904887/metadata/snap-1.avro (1 entries, 0 errors)
00:58:44.178 [Test worker] DEBUG service.IcebergReader -- Reading Iceberg manifest: /var/folders/mt/9rxkrhjx4_92d65wrtq269_h0000gn/T/path-resolve-test37764031684904887/metadata/manifest-1.avro
00:58:44.178 [Test worker] DEBUG service.AvroReader -- Reading Avro file: /var/folders/mt/9rxkrhjx4_92d65wrtq269_h0000gn/T/path-resolve-test37764031684904887/metadata/manifest-1.avro (type=ManifestEntry)
00:58:44.179 [Test worker] DEBUG service.AvroReader -- Avro file read complete: /var/folders/mt/9rxkrhjx4_92d65wrtq269_h0000gn/T/path-resolve-test37764031684904887/metadata/manifest-1.avro (1 entries, 0 errors)
00:58:44.179 [Test worker] INFO model.UnifiedModel --   Iceberg table loaded: 1 metadata files, 1 snapshots, 0 errors
00:58:44.183 [Test worker] INFO model.UnifiedModel -- Loading Iceberg table: /var/folders/mt/9rxkrhjx4_92d65wrtq269_h0000gn/T/path-resolve-test9029417512719597899
00:58:44.183 [Test worker] DEBUG service.IcebergReader -- Reading Iceberg metadata: /var/folders/mt/9rxkrhjx4_92d65wrtq269_h0000gn/T/path-resolve-test9029417512719597899/metadata/v1.metadata.json
00:58:44.183 [Test worker] DEBUG service.IcebergReader -- Iceberg metadata read: formatVersion=2, snapshots=1
00:58:44.183 [Test worker] DEBUG service.IcebergReader -- Reading Iceberg manifest list: /var/folders/mt/9rxkrhjx4_92d65wrtq269_h0000gn/T/path-resolve-test9029417512719597899/metadata/snap-1.avro
00:58:44.183 [Test worker] DEBUG service.AvroReader -- Reading Avro file: /var/folders/mt/9rxkrhjx4_92d65wrtq269_h0000gn/T/path-resolve-test9029417512719597899/metadata/snap-1.avro (type=ManifestListEntry)
00:58:44.183 [Test worker] DEBUG service.AvroReader -- Avro file read complete: /var/folders/mt/9rxkrhjx4_92d65wrtq269_h0000gn/T/path-resolve-test9029417512719597899/metadata/snap-1.avro (1 entries, 0 errors)
00:58:44.183 [Test worker] DEBUG service.IcebergReader -- Reading Iceberg manifest: /var/folders/mt/9rxkrhjx4_92d65wrtq269_h0000gn/T/path-resolve-test9029417512719597899/metadata/manifest-1.avro
00:58:44.183 [Test worker] DEBUG service.AvroReader -- Reading Avro file: /var/folders/mt/9rxkrhjx4_92d65wrtq269_h0000gn/T/path-resolve-test9029417512719597899/metadata/manifest-1.avro (type=ManifestEntry)
00:58:44.184 [Test worker] DEBUG service.AvroReader -- Avro file read complete: /var/folders/mt/9rxkrhjx4_92d65wrtq269_h0000gn/T/path-resolve-test9029417512719597899/metadata/manifest-1.avro (1 entries, 0 errors)
00:58:44.184 [Test worker] INFO model.UnifiedModel --   Iceberg table loaded: 1 metadata files, 1 snapshots, 0 errors
00:58:44.187 [Test worker] INFO model.UnifiedModel -- Loading Iceberg table: /var/folders/mt/9rxkrhjx4_92d65wrtq269_h0000gn/T/path-resolve-test4307626542505521982
00:58:44.187 [Test worker] DEBUG service.IcebergReader -- Reading Iceberg metadata: /var/folders/mt/9rxkrhjx4_92d65wrtq269_h0000gn/T/path-resolve-test4307626542505521982/metadata/v1.metadata.json
00:58:44.187 [Test worker] DEBUG service.IcebergReader -- Iceberg metadata read: formatVersion=2, snapshots=1
00:58:44.187 [Test worker] DEBUG service.IcebergReader -- Reading Iceberg manifest list: /var/folders/mt/9rxkrhjx4_92d65wrtq269_h0000gn/T/path-resolve-test4307626542505521982/metadata/snap-1.avro
00:58:44.187 [Test worker] DEBUG service.AvroReader -- Reading Avro file: /var/folders/mt/9rxkrhjx4_92d65wrtq269_h0000gn/T/path-resolve-test4307626542505521982/metadata/snap-1.avro (type=ManifestListEntry)
00:58:44.188 [Test worker] DEBUG service.AvroReader -- Avro file read complete: /var/folders/mt/9rxkrhjx4_92d65wrtq269_h0000gn/T/path-resolve-test4307626542505521982/metadata/snap-1.avro (1 entries, 0 errors)
00:58:44.188 [Test worker] DEBUG service.IcebergReader -- Reading Iceberg manifest: /var/folders/mt/9rxkrhjx4_92d65wrtq269_h0000gn/T/path-resolve-test4307626542505521982/metadata/manifest-1.avro
00:58:44.188 [Test worker] DEBUG service.AvroReader -- Reading Avro file: /var/folders/mt/9rxkrhjx4_92d65wrtq269_h0000gn/T/path-resolve-test4307626542505521982/metadata/manifest-1.avro (type=ManifestEntry)
00:58:44.189 [Test worker] DEBUG service.AvroReader -- Avro file read complete: /var/folders/mt/9rxkrhjx4_92d65wrtq269_h0000gn/T/path-resolve-test4307626542505521982/metadata/manifest-1.avro (3 entries, 0 errors)
00:58:44.189 [Test worker] INFO model.UnifiedModel --   Iceberg table loaded: 1 metadata files, 1 snapshots, 0 errors
00:58:44.196 [Test worker] INFO model.UnifiedModel -- Loading Iceberg table: /var/folders/mt/9rxkrhjx4_92d65wrtq269_h0000gn/T/path-resolve-test13990613255754268800
00:58:44.196 [Test worker] DEBUG service.IcebergReader -- Reading Iceberg metadata: /var/folders/mt/9rxkrhjx4_92d65wrtq269_h0000gn/T/path-resolve-test13990613255754268800/metadata/v1.metadata.json
00:58:44.197 [Test worker] DEBUG service.IcebergReader -- Iceberg metadata read: formatVersion=2, snapshots=1
00:58:44.197 [Test worker] DEBUG service.IcebergReader -- Reading Iceberg manifest list: /var/folders/mt/9rxkrhjx4_92d65wrtq269_h0000gn/T/path-resolve-test13990613255754268800/metadata/snap-1.avro
00:58:44.197 [Test worker] DEBUG service.AvroReader -- Reading Avro file: /var/folders/mt/9rxkrhjx4_92d65wrtq269_h0000gn/T/path-resolve-test13990613255754268800/metadata/snap-1.avro (type=ManifestListEntry)
00:58:44.198 [Test worker] DEBUG service.AvroReader -- Avro file read complete: /var/folders/mt/9rxkrhjx4_92d65wrtq269_h0000gn/T/path-resolve-test13990613255754268800/metadata/snap-1.avro (1 entries, 0 errors)
00:58:44.198 [Test worker] DEBUG service.IcebergReader -- Reading Iceberg manifest: /var/folders/mt/9rxkrhjx4_92d65wrtq269_h0000gn/T/path-resolve-test13990613255754268800/metadata/manifest-1.avro
00:58:44.198 [Test worker] DEBUG service.AvroReader -- Reading Avro file: /var/folders/mt/9rxkrhjx4_92d65wrtq269_h0000gn/T/path-resolve-test13990613255754268800/metadata/manifest-1.avro (type=ManifestEntry)
00:58:44.198 [Test worker] DEBUG service.AvroReader -- Avro file read complete: /var/folders/mt/9rxkrhjx4_92d65wrtq269_h0000gn/T/path-resolve-test13990613255754268800/metadata/manifest-1.avro (1 entries, 0 errors)
00:58:44.198 [Test worker] INFO model.UnifiedModel --   Iceberg table loaded: 1 metadata files, 1 snapshots, 0 errors
00:58:44.200 [Test worker] INFO model.UnifiedModel -- Loading Iceberg table: /var/folders/mt/9rxkrhjx4_92d65wrtq269_h0000gn/T/path-resolve-test6275769712328498789
00:58:44.200 [Test worker] DEBUG service.IcebergReader -- Reading Iceberg metadata: /var/folders/mt/9rxkrhjx4_92d65wrtq269_h0000gn/T/path-resolve-test6275769712328498789/metadata/v1.metadata.json
00:58:44.200 [Test worker] DEBUG service.IcebergReader -- Iceberg metadata read: formatVersion=2, snapshots=1
00:58:44.200 [Test worker] DEBUG service.IcebergReader -- Reading Iceberg manifest list: /var/folders/mt/9rxkrhjx4_92d65wrtq269_h0000gn/T/path-resolve-test6275769712328498789/metadata/snap-1.avro
00:58:44.200 [Test worker] DEBUG service.AvroReader -- Reading Avro file: /var/folders/mt/9rxkrhjx4_92d65wrtq269_h0000gn/T/path-resolve-test6275769712328498789/metadata/snap-1.avro (type=ManifestListEntry)
00:58:44.201 [Test worker] DEBUG service.AvroReader -- Avro file read complete: /var/folders/mt/9rxkrhjx4_92d65wrtq269_h0000gn/T/path-resolve-test6275769712328498789/metadata/snap-1.avro (1 entries, 0 errors)
00:58:44.201 [Test worker] DEBUG service.IcebergReader -- Reading Iceberg manifest: /var/folders/mt/9rxkrhjx4_92d65wrtq269_h0000gn/T/path-resolve-test6275769712328498789/metadata/manifest-1.avro
00:58:44.201 [Test worker] DEBUG service.AvroReader -- Reading Avro file: /var/folders/mt/9rxkrhjx4_92d65wrtq269_h0000gn/T/path-resolve-test6275769712328498789/metadata/manifest-1.avro (type=ManifestEntry)
00:58:44.202 [Test worker] DEBUG service.AvroReader -- Avro file read complete: /var/folders/mt/9rxkrhjx4_92d65wrtq269_h0000gn/T/path-resolve-test6275769712328498789/metadata/manifest-1.avro (1 entries, 0 errors)
00:58:44.202 [Test worker] INFO model.UnifiedModel --   Iceberg table loaded: 1 metadata files, 1 snapshots, 0 errors
]]></system-out>
  <system-err><![CDATA[]]></system-err>
</testsuite>
