<?xml version="1.0" encoding="UTF-8"?>
<testsuite name="model.PaimonPipelineTest" tests="23" skipped="0" failures="0" errors="0" timestamp="2026-08-13T21:58:44.038Z" hostname="muhammed-mbp" time="0.126">
  <properties/>
  <testcase name="PaimonReader reads schema from fixture()" classname="model.PaimonPipelineTest" time="0.006"/>
  <testcase name="full pipeline graph builder preserves data file metadata()" classname="model.PaimonPipelineTest" time="0.046"/>
  <testcase name="PaimonReader reads minimal snapshot with all defaults()" classname="model.PaimonPipelineTest" time="0.0"/>
  <testcase name="PaimonReader throws on non-existent snapshot file()" classname="model.PaimonPipelineTest" time="0.001"/>
  <testcase name="PaimonUnifiedTableModel handles empty table()" classname="model.PaimonPipelineTest" time="0.001"/>
  <testcase name="full pipeline handles DELETE kind entries in manifest()" classname="model.PaimonPipelineTest" time="0.004"/>
  <testcase name="full pipeline with multiple snapshots and schema evolution()" classname="model.PaimonPipelineTest" time="0.007"/>
  <testcase name="PaimonUnifiedTableModel handles snapshot with non-existent schema id()" classname="model.PaimonPipelineTest" time="0.002"/>
  <testcase name="paimon data file with path traversal attempt is flagged()" classname="model.PaimonPipelineTest" time="0.004"/>
  <testcase name="full pipeline reads manifest list and manifest Avro files()" classname="model.PaimonPipelineTest" time="0.018"/>
  <testcase name="PaimonUnifiedTableModel reads and links snapshots to schemas()" classname="model.PaimonPipelineTest" time="0.002"/>
  <testcase name="PaimonUnifiedTableModel handles malformed snapshot JSON()" classname="model.PaimonPipelineTest" time="0.002"/>
  <testcase name="PaimonReader reads snapshot with unknown fields gracefully()" classname="model.PaimonPipelineTest" time="0.001"/>
  <testcase name="PaimonReader throws on non-existent schema file()" classname="model.PaimonPipelineTest" time="0.0"/>
  <testcase name="PaimonReader reads snapshot from fixture()" classname="model.PaimonPipelineTest" time="0.002"/>
  <testcase name="manifest list in manifest subdirectory is resolved correctly()" classname="model.PaimonPipelineTest" time="0.005"/>
  <testcase name="PaimonUnifiedTableModel handles missing schema directory()" classname="model.PaimonPipelineTest" time="0.001"/>
  <testcase name="PaimonUnifiedTableModel reads schemas from directory()" classname="model.PaimonPipelineTest" time="0.002"/>
  <testcase name="PaimonUnifiedTableModel handles null manifest list paths()" classname="model.PaimonPipelineTest" time="0.001"/>
  <testcase name="PaimonUnifiedTableModel collects errors for missing manifest lists()" classname="model.PaimonPipelineTest" time="0.002"/>
  <testcase name="PaimonUnifiedTableModel handles malformed schema JSON()" classname="model.PaimonPipelineTest" time="0.002"/>
  <testcase name="full pipeline produces correct graph structure()" classname="model.PaimonPipelineTest" time="0.007"/>
  <testcase name="PaimonUnifiedTableModel handles missing snapshot directory()" classname="model.PaimonPipelineTest" time="0.001"/>
  <system-out><![CDATA[00:58:44.040 [Test worker] DEBUG service.PaimonReader -- Reading Paimon schema: /Users/md/dev/mmdemirbas/iceberg-lens/core/build/resources/test/paimon-fixtures/schema/schema-0
00:58:44.044 [Test worker] DEBUG service.PaimonReader -- Paimon schema read: id=0, fields=2
00:58:44.072 [Test worker] INFO model.PaimonUnifiedModel -- Loading Paimon table: /var/folders/mt/9rxkrhjx4_92d65wrtq269_h0000gn/T/paimon-pipeline-test7494861470179591683
00:58:44.073 [Test worker] DEBUG service.PaimonReader -- Reading Paimon schema: /var/folders/mt/9rxkrhjx4_92d65wrtq269_h0000gn/T/paimon-pipeline-test7494861470179591683/schema/schema-0
00:58:44.073 [Test worker] DEBUG service.PaimonReader -- Paimon schema read: id=0, fields=2
00:58:44.074 [Test worker] INFO model.PaimonUnifiedModel --   Schemas loaded: 1
00:58:44.075 [Test worker] INFO model.PaimonUnifiedModel --   Snapshot files found: 1
00:58:44.075 [Test worker] DEBUG service.PaimonReader -- Reading Paimon snapshot: /var/folders/mt/9rxkrhjx4_92d65wrtq269_h0000gn/T/paimon-pipeline-test7494861470179591683/snapshot/snapshot-1
00:58:44.077 [Test worker] DEBUG service.PaimonReader -- Paimon snapshot read: id=1, schemaId=0, commitKind=APPEND
00:58:44.077 [Test worker] DEBUG model.PaimonUnifiedModel -- Manifest list not in manifest/ subdir, falling back to table root: manifest/manifest-list-base-0
00:58:44.077 [Test worker] DEBUG service.PaimonReader -- Reading Paimon manifest list: /var/folders/mt/9rxkrhjx4_92d65wrtq269_h0000gn/T/paimon-pipeline-test7494861470179591683/manifest/manifest-list-base-0
00:58:44.077 [Test worker] DEBUG service.AvroReader -- Reading Avro file: /var/folders/mt/9rxkrhjx4_92d65wrtq269_h0000gn/T/paimon-pipeline-test7494861470179591683/manifest/manifest-list-base-0 (type=PaimonManifestFileMeta)
00:58:44.078 [Test worker] DEBUG service.AvroReader -- Avro file read complete: /var/folders/mt/9rxkrhjx4_92d65wrtq269_h0000gn/T/paimon-pipeline-test7494861470179591683/manifest/manifest-list-base-0 (1 entries, 0 errors)
00:58:44.078 [Test worker] DEBUG service.PaimonReader -- Reading Paimon manifest: /var/folders/mt/9rxkrhjx4_92d65wrtq269_h0000gn/T/paimon-pipeline-test7494861470179591683/manifest/manifest-0
00:58:44.078 [Test worker] DEBUG service.AvroReader -- Reading Avro file: /var/folders/mt/9rxkrhjx4_92d65wrtq269_h0000gn/T/paimon-pipeline-test7494861470179591683/manifest/manifest-0 (type=PaimonManifestEntry)
00:58:44.082 [Test worker] DEBUG service.AvroReader -- Avro file read complete: /var/folders/mt/9rxkrhjx4_92d65wrtq269_h0000gn/T/paimon-pipeline-test7494861470179591683/manifest/manifest-0 (2 entries, 0 errors)
00:58:44.082 [Test worker] DEBUG model.PaimonUnifiedModel -- Data file not found in bucket-0, falling back to table root: data-0.parquet
00:58:44.082 [Test worker] DEBUG model.PaimonUnifiedModel -- Data file not found in bucket-0, falling back to table root: data-1.parquet
00:58:44.083 [Test worker] INFO model.PaimonUnifiedModel --   Paimon table loaded: 1 snapshots, 1 manifests, 2 data files, 0 errors
00:58:44.092 [Test worker] DEBUG service.PaimonReader -- Reading Paimon snapshot: /var/folders/mt/9rxkrhjx4_92d65wrtq269_h0000gn/T/paimon-pipeline-test173074298246711600/snapshot-test
00:58:44.092 [Test worker] DEBUG service.PaimonReader -- Paimon snapshot read: id=null, schemaId=null, commitKind=null
00:58:44.092 [Test worker] DEBUG service.PaimonReader -- Reading Paimon snapshot: /nonexistent/snapshot-1
00:58:44.092 [Test worker] ERROR service.PaimonReader -- Paimon snapshot file not found: /nonexistent/snapshot-1
00:58:44.093 [Test worker] INFO model.PaimonUnifiedModel -- Loading Paimon table: /var/folders/mt/9rxkrhjx4_92d65wrtq269_h0000gn/T/paimon-pipeline-test15915320873315902697
00:58:44.093 [Test worker] INFO model.PaimonUnifiedModel --   Schemas loaded: 0
00:58:44.093 [Test worker] INFO model.PaimonUnifiedModel --   Snapshot files found: 0
00:58:44.093 [Test worker] INFO model.PaimonUnifiedModel --   Paimon table loaded: 0 snapshots, 0 manifests, 0 data files, 0 errors
00:58:44.099 [Test worker] INFO model.PaimonUnifiedModel -- Loading Paimon table: /var/folders/mt/9rxkrhjx4_92d65wrtq269_h0000gn/T/paimon-pipeline-test14263921603196250102
00:58:44.099 [Test worker] DEBUG service.PaimonReader -- Reading Paimon schema: /var/folders/mt/9rxkrhjx4_92d65wrtq269_h0000gn/T/paimon-pipeline-test14263921603196250102/schema/schema-0
00:58:44.099 [Test worker] DEBUG service.PaimonReader -- Paimon schema read: id=0, fields=1
00:58:44.099 [Test worker] INFO model.PaimonUnifiedModel --   Schemas loaded: 1
00:58:44.100 [Test worker] INFO model.PaimonUnifiedModel --   Snapshot files found: 1
00:58:44.100 [Test worker] DEBUG service.PaimonReader -- Reading Paimon snapshot: /var/folders/mt/9rxkrhjx4_92d65wrtq269_h0000gn/T/paimon-pipeline-test14263921603196250102/snapshot/snapshot-1
00:58:44.100 [Test worker] DEBUG service.PaimonReader -- Paimon snapshot read: id=1, schemaId=0, commitKind=COMPACT
00:58:44.100 [Test worker] DEBUG model.PaimonUnifiedModel -- Manifest list not in manifest/ subdir, falling back to table root: manifest/manifest-list-delta-0
00:58:44.100 [Test worker] DEBUG service.PaimonReader -- Reading Paimon manifest list: /var/folders/mt/9rxkrhjx4_92d65wrtq269_h0000gn/T/paimon-pipeline-test14263921603196250102/manifest/manifest-list-delta-0
00:58:44.100 [Test worker] DEBUG service.AvroReader -- Reading Avro file: /var/folders/mt/9rxkrhjx4_92d65wrtq269_h0000gn/T/paimon-pipeline-test14263921603196250102/manifest/manifest-list-delta-0 (type=PaimonManifestFileMeta)
00:58:44.100 [Test worker] DEBUG service.AvroReader -- Avro file read complete: /var/folders/mt/9rxkrhjx4_92d65wrtq269_h0000gn/T/paimon-pipeline-test14263921603196250102/manifest/manifest-list-delta-0 (1 entries, 0 errors)
00:58:44.100 [Test worker] DEBUG service.PaimonReader -- Reading Paimon manifest: /var/folders/mt/9rxkrhjx4_92d65wrtq269_h0000gn/T/paimon-pipeline-test14263921603196250102/manifest/manifest-0
00:58:44.100 [Test worker] DEBUG service.AvroReader -- Reading Avro file: /var/folders/mt/9rxkrhjx4_92d65wrtq269_h0000gn/T/paimon-pipeline-test14263921603196250102/manifest/manifest-0 (type=PaimonManifestEntry)
00:58:44.101 [Test worker] DEBUG service.AvroReader -- Avro file read complete: /var/folders/mt/9rxkrhjx4_92d65wrtq269_h0000gn/T/paimon-pipeline-test14263921603196250102/manifest/manifest-0 (2 entries, 0 errors)
00:58:44.101 [Test worker] DEBUG model.PaimonUnifiedModel -- Data file not found in bucket-0, falling back to table root: added.parquet
00:58:44.101 [Test worker] DEBUG model.PaimonUnifiedModel -- Data file not found in bucket-0, falling back to table root: deleted.parquet
00:58:44.101 [Test worker] INFO model.PaimonUnifiedModel --   Paimon table loaded: 1 snapshots, 1 manifests, 2 data files, 0 errors
00:58:44.105 [Test worker] INFO model.PaimonUnifiedModel -- Loading Paimon table: /var/folders/mt/9rxkrhjx4_92d65wrtq269_h0000gn/T/paimon-pipeline-test16911816977637646413
00:58:44.105 [Test worker] DEBUG service.PaimonReader -- Reading Paimon schema: /var/folders/mt/9rxkrhjx4_92d65wrtq269_h0000gn/T/paimon-pipeline-test16911816977637646413/schema/schema-0
00:58:44.105 [Test worker] DEBUG service.PaimonReader -- Paimon schema read: id=0, fields=1
00:58:44.105 [Test worker] DEBUG service.PaimonReader -- Reading Paimon schema: /var/folders/mt/9rxkrhjx4_92d65wrtq269_h0000gn/T/paimon-pipeline-test16911816977637646413/schema/schema-1
00:58:44.105 [Test worker] DEBUG service.PaimonReader -- Paimon schema read: id=1, fields=2
00:58:44.105 [Test worker] INFO model.PaimonUnifiedModel --   Schemas loaded: 2
00:58:44.106 [Test worker] INFO model.PaimonUnifiedModel --   Snapshot files found: 2
00:58:44.106 [Test worker] DEBUG service.PaimonReader -- Reading Paimon snapshot: /var/folders/mt/9rxkrhjx4_92d65wrtq269_h0000gn/T/paimon-pipeline-test16911816977637646413/snapshot/snapshot-2
00:58:44.106 [Test worker] DEBUG service.PaimonReader -- Paimon snapshot read: id=2, schemaId=1, commitKind=COMPACT
00:58:44.106 [Test worker] DEBUG model.PaimonUnifiedModel -- Manifest list not in manifest/ subdir, falling back to table root: manifest/manifest-list-base-1
00:58:44.106 [Test worker] DEBUG service.PaimonReader -- Reading Paimon manifest list: /var/folders/mt/9rxkrhjx4_92d65wrtq269_h0000gn/T/paimon-pipeline-test16911816977637646413/manifest/manifest-list-base-1
00:58:44.106 [Test worker] DEBUG service.AvroReader -- Reading Avro file: /var/folders/mt/9rxkrhjx4_92d65wrtq269_h0000gn/T/paimon-pipeline-test16911816977637646413/manifest/manifest-list-base-1 (type=PaimonManifestFileMeta)
00:58:44.106 [Test worker] DEBUG service.AvroReader -- Avro file read complete: /var/folders/mt/9rxkrhjx4_92d65wrtq269_h0000gn/T/paimon-pipeline-test16911816977637646413/manifest/manifest-list-base-1 (1 entries, 0 errors)
00:58:44.106 [Test worker] DEBUG service.PaimonReader -- Reading Paimon manifest: /var/folders/mt/9rxkrhjx4_92d65wrtq269_h0000gn/T/paimon-pipeline-test16911816977637646413/manifest/manifest-1
00:58:44.106 [Test worker] DEBUG service.AvroReader -- Reading Avro file: /var/folders/mt/9rxkrhjx4_92d65wrtq269_h0000gn/T/paimon-pipeline-test16911816977637646413/manifest/manifest-1 (type=PaimonManifestEntry)
00:58:44.107 [Test worker] DEBUG service.AvroReader -- Avro file read complete: /var/folders/mt/9rxkrhjx4_92d65wrtq269_h0000gn/T/paimon-pipeline-test16911816977637646413/manifest/manifest-1 (1 entries, 0 errors)
00:58:44.107 [Test worker] DEBUG model.PaimonUnifiedModel -- Data file not found in bucket-0, falling back to table root: data-1.parquet
00:58:44.107 [Test worker] DEBUG service.PaimonReader -- Reading Paimon snapshot: /var/folders/mt/9rxkrhjx4_92d65wrtq269_h0000gn/T/paimon-pipeline-test16911816977637646413/snapshot/snapshot-1
00:58:44.107 [Test worker] DEBUG service.PaimonReader -- Paimon snapshot read: id=1, schemaId=0, commitKind=APPEND
00:58:44.107 [Test worker] DEBUG model.PaimonUnifiedModel -- Manifest list not in manifest/ subdir, falling back to table root: manifest/manifest-list-base-0
00:58:44.107 [Test worker] DEBUG service.PaimonReader -- Reading Paimon manifest list: /var/folders/mt/9rxkrhjx4_92d65wrtq269_h0000gn/T/paimon-pipeline-test16911816977637646413/manifest/manifest-list-base-0
00:58:44.107 [Test worker] DEBUG service.AvroReader -- Reading Avro file: /var/folders/mt/9rxkrhjx4_92d65wrtq269_h0000gn/T/paimon-pipeline-test16911816977637646413/manifest/manifest-list-base-0 (type=PaimonManifestFileMeta)
00:58:44.107 [Test worker] DEBUG service.AvroReader -- Avro file read complete: /var/folders/mt/9rxkrhjx4_92d65wrtq269_h0000gn/T/paimon-pipeline-test16911816977637646413/manifest/manifest-list-base-0 (1 entries, 0 errors)
00:58:44.107 [Test worker] DEBUG service.PaimonReader -- Reading Paimon manifest: /var/folders/mt/9rxkrhjx4_92d65wrtq269_h0000gn/T/paimon-pipeline-test16911816977637646413/manifest/manifest-0
00:58:44.107 [Test worker] DEBUG service.AvroReader -- Reading Avro file: /var/folders/mt/9rxkrhjx4_92d65wrtq269_h0000gn/T/paimon-pipeline-test16911816977637646413/manifest/manifest-0 (type=PaimonManifestEntry)
00:58:44.108 [Test worker] DEBUG service.AvroReader -- Avro file read complete: /var/folders/mt/9rxkrhjx4_92d65wrtq269_h0000gn/T/paimon-pipeline-test16911816977637646413/manifest/manifest-0 (1 entries, 0 errors)
00:58:44.108 [Test worker] DEBUG model.PaimonUnifiedModel -- Data file not found in bucket-0, falling back to table root: data-0.parquet
00:58:44.108 [Test worker] INFO model.PaimonUnifiedModel --   Paimon table loaded: 2 snapshots, 2 manifests, 2 data files, 0 errors
00:58:44.110 [Test worker] INFO model.PaimonUnifiedModel -- Loading Paimon table: /var/folders/mt/9rxkrhjx4_92d65wrtq269_h0000gn/T/paimon-pipeline-test4213311200257890327
00:58:44.110 [Test worker] DEBUG service.PaimonReader -- Reading Paimon schema: /var/folders/mt/9rxkrhjx4_92d65wrtq269_h0000gn/T/paimon-pipeline-test4213311200257890327/schema/schema-0
00:58:44.110 [Test worker] DEBUG service.PaimonReader -- Paimon schema read: id=0, fields=0
00:58:44.110 [Test worker] INFO model.PaimonUnifiedModel --   Schemas loaded: 1
00:58:44.110 [Test worker] INFO model.PaimonUnifiedModel --   Snapshot files found: 1
00:58:44.110 [Test worker] DEBUG service.PaimonReader -- Reading Paimon snapshot: /var/folders/mt/9rxkrhjx4_92d65wrtq269_h0000gn/T/paimon-pipeline-test4213311200257890327/snapshot/snapshot-1
00:58:44.111 [Test worker] DEBUG service.PaimonReader -- Paimon snapshot read: id=1, schemaId=99, commitKind=APPEND
00:58:44.111 [Test worker] INFO model.PaimonUnifiedModel --   Paimon table loaded: 1 snapshots, 0 manifests, 0 data files, 0 errors
00:58:44.113 [Test worker] INFO model.PaimonUnifiedModel -- Loading Paimon table: /var/folders/mt/9rxkrhjx4_92d65wrtq269_h0000gn/T/paimon-pipeline-test2287031892588892365
00:58:44.114 [Test worker] DEBUG service.PaimonReader -- Reading Paimon schema: /var/folders/mt/9rxkrhjx4_92d65wrtq269_h0000gn/T/paimon-pipeline-test2287031892588892365/schema/schema-0
00:58:44.114 [Test worker] DEBUG service.PaimonReader -- Paimon schema read: id=0, fields=1
00:58:44.114 [Test worker] INFO model.PaimonUnifiedModel --   Schemas loaded: 1
00:58:44.114 [Test worker] INFO model.PaimonUnifiedModel --   Snapshot files found: 1
00:58:44.114 [Test worker] DEBUG service.PaimonReader -- Reading Paimon snapshot: /var/folders/mt/9rxkrhjx4_92d65wrtq269_h0000gn/T/paimon-pipeline-test2287031892588892365/snapshot/snapshot-1
00:58:44.114 [Test worker] DEBUG service.PaimonReader -- Paimon snapshot read: id=1, schemaId=0, commitKind=APPEND
00:58:44.114 [Test worker] DEBUG service.PaimonReader -- Reading Paimon manifest list: /var/folders/mt/9rxkrhjx4_92d65wrtq269_h0000gn/T/paimon-pipeline-test2287031892588892365/manifest/manifest-list-base-0
00:58:44.114 [Test worker] DEBUG service.AvroReader -- Reading Avro file: /var/folders/mt/9rxkrhjx4_92d65wrtq269_h0000gn/T/paimon-pipeline-test2287031892588892365/manifest/manifest-list-base-0 (type=PaimonManifestFileMeta)
00:58:44.114 [Test worker] DEBUG service.AvroReader -- Avro file read complete: /var/folders/mt/9rxkrhjx4_92d65wrtq269_h0000gn/T/paimon-pipeline-test2287031892588892365/manifest/manifest-list-base-0 (1 entries, 0 errors)
00:58:44.114 [Test worker] DEBUG service.PaimonReader -- Reading Paimon manifest: /var/folders/mt/9rxkrhjx4_92d65wrtq269_h0000gn/T/paimon-pipeline-test2287031892588892365/manifest/manifest-traversal
00:58:44.114 [Test worker] DEBUG service.AvroReader -- Reading Avro file: /var/folders/mt/9rxkrhjx4_92d65wrtq269_h0000gn/T/paimon-pipeline-test2287031892588892365/manifest/manifest-traversal (type=PaimonManifestEntry)
00:58:44.115 [Test worker] DEBUG service.AvroReader -- Avro file read complete: /var/folders/mt/9rxkrhjx4_92d65wrtq269_h0000gn/T/paimon-pipeline-test2287031892588892365/manifest/manifest-traversal (1 entries, 0 errors)
00:58:44.115 [Test worker] DEBUG model.PaimonUnifiedModel -- Data file not found in bucket-0, falling back to table root: ../../../etc/passwd
00:58:44.115 [Test worker] INFO model.PaimonUnifiedModel --   Paimon table loaded: 1 snapshots, 1 manifests, 1 data files, 1 errors
00:58:44.115 [Test worker] WARN model.PaimonUnifiedModel --   Manifest read error [path-traversal-check] ../../../etc/passwd: Data file path resolves outside the table directory: /var/folders/mt/etc/passwd
00:58:44.117 [Test worker] INFO model.PaimonUnifiedModel -- Loading Paimon table: /var/folders/mt/9rxkrhjx4_92d65wrtq269_h0000gn/T/paimon-pipeline-test15657612028584491297
00:58:44.118 [Test worker] DEBUG service.PaimonReader -- Reading Paimon schema: /var/folders/mt/9rxkrhjx4_92d65wrtq269_h0000gn/T/paimon-pipeline-test15657612028584491297/schema/schema-0
00:58:44.118 [Test worker] DEBUG service.PaimonReader -- Paimon schema read: id=0, fields=2
00:58:44.118 [Test worker] INFO model.PaimonUnifiedModel --   Schemas loaded: 1
00:58:44.118 [Test worker] INFO model.PaimonUnifiedModel --   Snapshot files found: 1
00:58:44.118 [Test worker] DEBUG service.PaimonReader -- Reading Paimon snapshot: /var/folders/mt/9rxkrhjx4_92d65wrtq269_h0000gn/T/paimon-pipeline-test15657612028584491297/snapshot/snapshot-1
00:58:44.118 [Test worker] DEBUG service.PaimonReader -- Paimon snapshot read: id=1, schemaId=0, commitKind=APPEND
00:58:44.118 [Test worker] DEBUG model.PaimonUnifiedModel -- Manifest list not in manifest/ subdir, falling back to table root: manifest/manifest-list-base-0
00:58:44.118 [Test worker] DEBUG service.PaimonReader -- Reading Paimon manifest list: /var/folders/mt/9rxkrhjx4_92d65wrtq269_h0000gn/T/paimon-pipeline-test15657612028584491297/manifest/manifest-list-base-0
00:58:44.118 [Test worker] DEBUG service.AvroReader -- Reading Avro file: /var/folders/mt/9rxkrhjx4_92d65wrtq269_h0000gn/T/paimon-pipeline-test15657612028584491297/manifest/manifest-list-base-0 (type=PaimonManifestFileMeta)
00:58:44.119 [Test worker] DEBUG service.AvroReader -- Avro file read complete: /var/folders/mt/9rxkrhjx4_92d65wrtq269_h0000gn/T/paimon-pipeline-test15657612028584491297/manifest/manifest-list-base-0 (1 entries, 0 errors)
00:58:44.119 [Test worker] DEBUG service.PaimonReader -- Reading Paimon manifest: /var/folders/mt/9rxkrhjx4_92d65wrtq269_h0000gn/T/paimon-pipeline-test15657612028584491297/manifest/manifest-0
00:58:44.119 [Test worker] DEBUG service.AvroReader -- Reading Avro file: /var/folders/mt/9rxkrhjx4_92d65wrtq269_h0000gn/T/paimon-pipeline-test15657612028584491297/manifest/manifest-0 (type=PaimonManifestEntry)
00:58:44.133 [Test worker] DEBUG service.AvroReader -- Avro file read complete: /var/folders/mt/9rxkrhjx4_92d65wrtq269_h0000gn/T/paimon-pipeline-test15657612028584491297/manifest/manifest-0 (2 entries, 0 errors)
00:58:44.134 [Test worker] DEBUG model.PaimonUnifiedModel -- Data file not found in bucket-0, falling back to table root: data-0.parquet
00:58:44.134 [Test worker] DEBUG model.PaimonUnifiedModel -- Data file not found in bucket-0, falling back to table root: data-1.parquet
00:58:44.134 [Test worker] INFO model.PaimonUnifiedModel --   Paimon table loaded: 1 snapshots, 1 manifests, 2 data files, 0 errors
00:58:44.136 [Test worker] INFO model.PaimonUnifiedModel -- Loading Paimon table: /var/folders/mt/9rxkrhjx4_92d65wrtq269_h0000gn/T/paimon-pipeline-test3463419170317063221
00:58:44.136 [Test worker] DEBUG service.PaimonReader -- Reading Paimon schema: /var/folders/mt/9rxkrhjx4_92d65wrtq269_h0000gn/T/paimon-pipeline-test3463419170317063221/schema/schema-0
00:58:44.136 [Test worker] DEBUG service.PaimonReader -- Paimon schema read: id=0, fields=1
00:58:44.136 [Test worker] INFO model.PaimonUnifiedModel --   Schemas loaded: 1
00:58:44.136 [Test worker] INFO model.PaimonUnifiedModel --   Snapshot files found: 2
00:58:44.136 [Test worker] DEBUG service.PaimonReader -- Reading Paimon snapshot: /var/folders/mt/9rxkrhjx4_92d65wrtq269_h0000gn/T/paimon-pipeline-test3463419170317063221/snapshot/snapshot-2
00:58:44.136 [Test worker] DEBUG service.PaimonReader -- Paimon snapshot read: id=2, schemaId=0, commitKind=COMPACT
00:58:44.136 [Test worker] DEBUG service.PaimonReader -- Reading Paimon snapshot: /var/folders/mt/9rxkrhjx4_92d65wrtq269_h0000gn/T/paimon-pipeline-test3463419170317063221/snapshot/snapshot-1
00:58:44.136 [Test worker] DEBUG service.PaimonReader -- Paimon snapshot read: id=1, schemaId=0, commitKind=APPEND
00:58:44.136 [Test worker] INFO model.PaimonUnifiedModel --   Paimon table loaded: 2 snapshots, 0 manifests, 0 data files, 0 errors
00:58:44.137 [Test worker] INFO model.PaimonUnifiedModel -- Loading Paimon table: /var/folders/mt/9rxkrhjx4_92d65wrtq269_h0000gn/T/paimon-pipeline-test11591068175518392199
00:58:44.138 [Test worker] DEBUG service.PaimonReader -- Reading Paimon schema: /var/folders/mt/9rxkrhjx4_92d65wrtq269_h0000gn/T/paimon-pipeline-test11591068175518392199/schema/schema-0
00:58:44.138 [Test worker] DEBUG service.PaimonReader -- Paimon schema read: id=0, fields=0
00:58:44.138 [Test worker] INFO model.PaimonUnifiedModel --   Schemas loaded: 1
00:58:44.138 [Test worker] INFO model.PaimonUnifiedModel --   Snapshot files found: 3
00:58:44.138 [Test worker] DEBUG service.PaimonReader -- Reading Paimon snapshot: /var/folders/mt/9rxkrhjx4_92d65wrtq269_h0000gn/T/paimon-pipeline-test11591068175518392199/snapshot/snapshot-3
00:58:44.138 [Test worker] DEBUG service.PaimonReader -- Paimon snapshot read: id=3, schemaId=0, commitKind=COMPACT
00:58:44.138 [Test worker] DEBUG service.PaimonReader -- Reading Paimon snapshot: /var/folders/mt/9rxkrhjx4_92d65wrtq269_h0000gn/T/paimon-pipeline-test11591068175518392199/snapshot/snapshot-2
00:58:44.138 [Test worker] DEBUG service.PaimonReader -- Reading Paimon snapshot: /var/folders/mt/9rxkrhjx4_92d65wrtq269_h0000gn/T/paimon-pipeline-test11591068175518392199/snapshot/snapshot-1
00:58:44.138 [Test worker] DEBUG service.PaimonReader -- Paimon snapshot read: id=1, schemaId=0, commitKind=APPEND
00:58:44.138 [Test worker] INFO model.PaimonUnifiedModel --   Paimon table loaded: 2 snapshots, 0 manifests, 0 data files, 1 errors
00:58:44.138 [Test worker] WARN model.PaimonUnifiedModel --   Read error [read-snapshot] /var/folders/mt/9rxkrhjx4_92d65wrtq269_h0000gn/T/paimon-pipeline-test11591068175518392199/snapshot/snapshot-2: Unexpected JSON token at offset 0: Expected start of the object '{', but had 'N' instead at path: $
JSON input: NOT VALID JSON
00:58:44.139 [Test worker] DEBUG service.PaimonReader -- Reading Paimon snapshot: /var/folders/mt/9rxkrhjx4_92d65wrtq269_h0000gn/T/paimon-pipeline-test15874196081878158985/snapshot-test
00:58:44.139 [Test worker] DEBUG service.PaimonReader -- Paimon snapshot read: id=99, schemaId=0, commitKind=OVERWRITE
00:58:44.140 [Test worker] DEBUG service.PaimonReader -- Reading Paimon schema: /nonexistent/schema-0
00:58:44.140 [Test worker] ERROR service.PaimonReader -- Paimon schema file not found: /nonexistent/schema-0
00:58:44.140 [Test worker] DEBUG service.PaimonReader -- Reading Paimon snapshot: /Users/md/dev/mmdemirbas/iceberg-lens/core/build/resources/test/paimon-fixtures/snapshot/snapshot-1
00:58:44.141 [Test worker] DEBUG service.PaimonReader -- Paimon snapshot read: id=1, schemaId=0, commitKind=APPEND
00:58:44.144 [Test worker] INFO model.PaimonUnifiedModel -- Loading Paimon table: /var/folders/mt/9rxkrhjx4_92d65wrtq269_h0000gn/T/paimon-pipeline-test12584876325003612984
00:58:44.144 [Test worker] DEBUG service.PaimonReader -- Reading Paimon schema: /var/folders/mt/9rxkrhjx4_92d65wrtq269_h0000gn/T/paimon-pipeline-test12584876325003612984/schema/schema-0
00:58:44.144 [Test worker] DEBUG service.PaimonReader -- Paimon schema read: id=0, fields=1
00:58:44.144 [Test worker] INFO model.PaimonUnifiedModel --   Schemas loaded: 1
00:58:44.144 [Test worker] INFO model.PaimonUnifiedModel --   Snapshot files found: 1
00:58:44.144 [Test worker] DEBUG service.PaimonReader -- Reading Paimon snapshot: /var/folders/mt/9rxkrhjx4_92d65wrtq269_h0000gn/T/paimon-pipeline-test12584876325003612984/snapshot/snapshot-1
00:58:44.144 [Test worker] DEBUG service.PaimonReader -- Paimon snapshot read: id=1, schemaId=0, commitKind=APPEND
00:58:44.144 [Test worker] DEBUG service.PaimonReader -- Reading Paimon manifest list: /var/folders/mt/9rxkrhjx4_92d65wrtq269_h0000gn/T/paimon-pipeline-test12584876325003612984/manifest/manifest-list-base-0
00:58:44.144 [Test worker] DEBUG service.AvroReader -- Reading Avro file: /var/folders/mt/9rxkrhjx4_92d65wrtq269_h0000gn/T/paimon-pipeline-test12584876325003612984/manifest/manifest-list-base-0 (type=PaimonManifestFileMeta)
00:58:44.145 [Test worker] DEBUG service.AvroReader -- Avro file read complete: /var/folders/mt/9rxkrhjx4_92d65wrtq269_h0000gn/T/paimon-pipeline-test12584876325003612984/manifest/manifest-list-base-0 (1 entries, 0 errors)
00:58:44.145 [Test worker] DEBUG service.PaimonReader -- Reading Paimon manifest: /var/folders/mt/9rxkrhjx4_92d65wrtq269_h0000gn/T/paimon-pipeline-test12584876325003612984/manifest/manifest-0
00:58:44.145 [Test worker] DEBUG service.AvroReader -- Reading Avro file: /var/folders/mt/9rxkrhjx4_92d65wrtq269_h0000gn/T/paimon-pipeline-test12584876325003612984/manifest/manifest-0 (type=PaimonManifestEntry)
00:58:44.146 [Test worker] DEBUG service.AvroReader -- Avro file read complete: /var/folders/mt/9rxkrhjx4_92d65wrtq269_h0000gn/T/paimon-pipeline-test12584876325003612984/manifest/manifest-0 (1 entries, 0 errors)
00:58:44.146 [Test worker] DEBUG model.PaimonUnifiedModel -- Data file not found in bucket-0, falling back to table root: data-0.parquet
00:58:44.146 [Test worker] INFO model.PaimonUnifiedModel --   Paimon table loaded: 1 snapshots, 1 manifests, 1 data files, 0 errors
00:58:44.148 [Test worker] INFO model.PaimonUnifiedModel -- Loading Paimon table: /var/folders/mt/9rxkrhjx4_92d65wrtq269_h0000gn/T/paimon-pipeline-test2676297970464465270
00:58:44.148 [Test worker] INFO model.PaimonUnifiedModel --   Schemas loaded: 0
00:58:44.148 [Test worker] INFO model.PaimonUnifiedModel --   Snapshot files found: 1
00:58:44.148 [Test worker] DEBUG service.PaimonReader -- Reading Paimon snapshot: /var/folders/mt/9rxkrhjx4_92d65wrtq269_h0000gn/T/paimon-pipeline-test2676297970464465270/snapshot/snapshot-1
00:58:44.148 [Test worker] DEBUG service.PaimonReader -- Paimon snapshot read: id=1, schemaId=null, commitKind=null
00:58:44.148 [Test worker] INFO model.PaimonUnifiedModel --   Paimon table loaded: 1 snapshots, 0 manifests, 0 data files, 1 errors
00:58:44.148 [Test worker] WARN model.PaimonUnifiedModel --   Read error [list-schema-files] /var/folders/mt/9rxkrhjx4_92d65wrtq269_h0000gn/T/paimon-pipeline-test2676297970464465270/schema: /var/folders/mt/9rxkrhjx4_92d65wrtq269_h0000gn/T/paimon-pipeline-test2676297970464465270/schema
00:58:44.149 [Test worker] INFO model.PaimonUnifiedModel -- Loading Paimon table: /var/folders/mt/9rxkrhjx4_92d65wrtq269_h0000gn/T/paimon-pipeline-test7073728073990832869
00:58:44.150 [Test worker] DEBUG service.PaimonReader -- Reading Paimon schema: /var/folders/mt/9rxkrhjx4_92d65wrtq269_h0000gn/T/paimon-pipeline-test7073728073990832869/schema/schema-0
00:58:44.150 [Test worker] DEBUG service.PaimonReader -- Paimon schema read: id=0, fields=1
00:58:44.150 [Test worker] DEBUG service.PaimonReader -- Reading Paimon schema: /var/folders/mt/9rxkrhjx4_92d65wrtq269_h0000gn/T/paimon-pipeline-test7073728073990832869/schema/schema-1
00:58:44.150 [Test worker] DEBUG service.PaimonReader -- Paimon schema read: id=1, fields=2
00:58:44.150 [Test worker] INFO model.PaimonUnifiedModel --   Schemas loaded: 2
00:58:44.150 [Test worker] INFO model.PaimonUnifiedModel --   Snapshot files found: 0
00:58:44.150 [Test worker] INFO model.PaimonUnifiedModel --   Paimon table loaded: 0 snapshots, 0 manifests, 0 data files, 0 errors
00:58:44.151 [Test worker] INFO model.PaimonUnifiedModel -- Loading Paimon table: /var/folders/mt/9rxkrhjx4_92d65wrtq269_h0000gn/T/paimon-pipeline-test15586420038368477763
00:58:44.151 [Test worker] DEBUG service.PaimonReader -- Reading Paimon schema: /var/folders/mt/9rxkrhjx4_92d65wrtq269_h0000gn/T/paimon-pipeline-test15586420038368477763/schema/schema-0
00:58:44.151 [Test worker] DEBUG service.PaimonReader -- Paimon schema read: id=0, fields=0
00:58:44.151 [Test worker] INFO model.PaimonUnifiedModel --   Schemas loaded: 1
00:58:44.151 [Test worker] INFO model.PaimonUnifiedModel --   Snapshot files found: 1
00:58:44.151 [Test worker] DEBUG service.PaimonReader -- Reading Paimon snapshot: /var/folders/mt/9rxkrhjx4_92d65wrtq269_h0000gn/T/paimon-pipeline-test15586420038368477763/snapshot/snapshot-1
00:58:44.152 [Test worker] DEBUG service.PaimonReader -- Paimon snapshot read: id=1, schemaId=0, commitKind=null
00:58:44.152 [Test worker] INFO model.PaimonUnifiedModel --   Paimon table loaded: 1 snapshots, 0 manifests, 0 data files, 0 errors
00:58:44.153 [Test worker] INFO model.PaimonUnifiedModel -- Loading Paimon table: /var/folders/mt/9rxkrhjx4_92d65wrtq269_h0000gn/T/paimon-pipeline-test934962850139917760
00:58:44.153 [Test worker] DEBUG service.PaimonReader -- Reading Paimon schema: /var/folders/mt/9rxkrhjx4_92d65wrtq269_h0000gn/T/paimon-pipeline-test934962850139917760/schema/schema-0
00:58:44.153 [Test worker] DEBUG service.PaimonReader -- Paimon schema read: id=0, fields=0
00:58:44.153 [Test worker] INFO model.PaimonUnifiedModel --   Schemas loaded: 1
00:58:44.153 [Test worker] INFO model.PaimonUnifiedModel --   Snapshot files found: 1
00:58:44.153 [Test worker] DEBUG service.PaimonReader -- Reading Paimon snapshot: /var/folders/mt/9rxkrhjx4_92d65wrtq269_h0000gn/T/paimon-pipeline-test934962850139917760/snapshot/snapshot-1
00:58:44.153 [Test worker] DEBUG service.PaimonReader -- Paimon snapshot read: id=1, schemaId=0, commitKind=null
00:58:44.153 [Test worker] DEBUG model.PaimonUnifiedModel -- Manifest list not in manifest/ subdir, falling back to table root: manifest/manifest-list-base-0
00:58:44.153 [Test worker] DEBUG service.PaimonReader -- Reading Paimon manifest list: /var/folders/mt/9rxkrhjx4_92d65wrtq269_h0000gn/T/paimon-pipeline-test934962850139917760/manifest/manifest-list-base-0
00:58:44.154 [Test worker] DEBUG service.AvroReader -- Reading Avro file: /var/folders/mt/9rxkrhjx4_92d65wrtq269_h0000gn/T/paimon-pipeline-test934962850139917760/manifest/manifest-list-base-0 (type=PaimonManifestFileMeta)
00:58:44.154 [Test worker] DEBUG model.PaimonUnifiedModel -- Manifest list not in manifest/ subdir, falling back to table root: manifest/manifest-list-delta-0
00:58:44.154 [Test worker] DEBUG service.PaimonReader -- Reading Paimon manifest list: /var/folders/mt/9rxkrhjx4_92d65wrtq269_h0000gn/T/paimon-pipeline-test934962850139917760/manifest/manifest-list-delta-0
00:58:44.154 [Test worker] DEBUG service.AvroReader -- Reading Avro file: /var/folders/mt/9rxkrhjx4_92d65wrtq269_h0000gn/T/paimon-pipeline-test934962850139917760/manifest/manifest-list-delta-0 (type=PaimonManifestFileMeta)
00:58:44.154 [Test worker] INFO model.PaimonUnifiedModel --   Paimon table loaded: 1 snapshots, 0 manifests, 0 data files, 2 errors
00:58:44.154 [Test worker] WARN model.PaimonUnifiedModel --   Snapshot read error [base-manifest-list] /var/folders/mt/9rxkrhjx4_92d65wrtq269_h0000gn/T/paimon-pipeline-test934962850139917760/manifest/manifest-list-base-0: /var/folders/mt/9rxkrhjx4_92d65wrtq269_h0000gn/T/paimon-pipeline-test934962850139917760/manifest/manifest-list-base-0 (No such file or directory)
00:58:44.154 [Test worker] WARN model.PaimonUnifiedModel --   Snapshot read error [delta-manifest-list] /var/folders/mt/9rxkrhjx4_92d65wrtq269_h0000gn/T/paimon-pipeline-test934962850139917760/manifest/manifest-list-delta-0: /var/folders/mt/9rxkrhjx4_92d65wrtq269_h0000gn/T/paimon-pipeline-test934962850139917760/manifest/manifest-list-delta-0 (No such file or directory)
00:58:44.155 [Test worker] INFO model.PaimonUnifiedModel -- Loading Paimon table: /var/folders/mt/9rxkrhjx4_92d65wrtq269_h0000gn/T/paimon-pipeline-test10859972603754658740
00:58:44.155 [Test worker] DEBUG service.PaimonReader -- Reading Paimon schema: /var/folders/mt/9rxkrhjx4_92d65wrtq269_h0000gn/T/paimon-pipeline-test10859972603754658740/schema/schema-0
00:58:44.155 [Test worker] DEBUG service.PaimonReader -- Paimon schema read: id=0, fields=0
00:58:44.155 [Test worker] DEBUG service.PaimonReader -- Reading Paimon schema: /var/folders/mt/9rxkrhjx4_92d65wrtq269_h0000gn/T/paimon-pipeline-test10859972603754658740/schema/schema-1
00:58:44.156 [Test worker] INFO model.PaimonUnifiedModel --   Schemas loaded: 1
00:58:44.156 [Test worker] INFO model.PaimonUnifiedModel --   Snapshot files found: 1
00:58:44.156 [Test worker] DEBUG service.PaimonReader -- Reading Paimon snapshot: /var/folders/mt/9rxkrhjx4_92d65wrtq269_h0000gn/T/paimon-pipeline-test10859972603754658740/snapshot/snapshot-1
00:58:44.156 [Test worker] DEBUG service.PaimonReader -- Paimon snapshot read: id=1, schemaId=0, commitKind=null
00:58:44.156 [Test worker] INFO model.PaimonUnifiedModel --   Paimon table loaded: 1 snapshots, 0 manifests, 0 data files, 1 errors
00:58:44.156 [Test worker] WARN model.PaimonUnifiedModel --   Read error [read-schema] /var/folders/mt/9rxkrhjx4_92d65wrtq269_h0000gn/T/paimon-pipeline-test10859972603754658740/schema/schema-1: Unexpected JSON token at offset 0: Expected start of the object '{', but had 'I' instead at path: $
JSON input: INVALID JSON
00:58:44.158 [Test worker] INFO model.PaimonUnifiedModel -- Loading Paimon table: /var/folders/mt/9rxkrhjx4_92d65wrtq269_h0000gn/T/paimon-pipeline-test17130563388593248612
00:58:44.159 [Test worker] DEBUG service.PaimonReader -- Reading Paimon schema: /var/folders/mt/9rxkrhjx4_92d65wrtq269_h0000gn/T/paimon-pipeline-test17130563388593248612/schema/schema-0
00:58:44.159 [Test worker] DEBUG service.PaimonReader -- Paimon schema read: id=0, fields=2
00:58:44.159 [Test worker] INFO model.PaimonUnifiedModel --   Schemas loaded: 1
00:58:44.159 [Test worker] INFO model.PaimonUnifiedModel --   Snapshot files found: 1
00:58:44.159 [Test worker] DEBUG service.PaimonReader -- Reading Paimon snapshot: /var/folders/mt/9rxkrhjx4_92d65wrtq269_h0000gn/T/paimon-pipeline-test17130563388593248612/snapshot/snapshot-1
00:58:44.160 [Test worker] DEBUG service.PaimonReader -- Paimon snapshot read: id=1, schemaId=0, commitKind=APPEND
00:58:44.160 [Test worker] DEBUG model.PaimonUnifiedModel -- Manifest list not in manifest/ subdir, falling back to table root: manifest/manifest-list-base-0
00:58:44.160 [Test worker] DEBUG service.PaimonReader -- Reading Paimon manifest list: /var/folders/mt/9rxkrhjx4_92d65wrtq269_h0000gn/T/paimon-pipeline-test17130563388593248612/manifest/manifest-list-base-0
00:58:44.160 [Test worker] DEBUG service.AvroReader -- Reading Avro file: /var/folders/mt/9rxkrhjx4_92d65wrtq269_h0000gn/T/paimon-pipeline-test17130563388593248612/manifest/manifest-list-base-0 (type=PaimonManifestFileMeta)
00:58:44.161 [Test worker] DEBUG service.AvroReader -- Avro file read complete: /var/folders/mt/9rxkrhjx4_92d65wrtq269_h0000gn/T/paimon-pipeline-test17130563388593248612/manifest/manifest-list-base-0 (1 entries, 0 errors)
00:58:44.161 [Test worker] DEBUG service.PaimonReader -- Reading Paimon manifest: /var/folders/mt/9rxkrhjx4_92d65wrtq269_h0000gn/T/paimon-pipeline-test17130563388593248612/manifest/manifest-0
00:58:44.161 [Test worker] DEBUG service.AvroReader -- Reading Avro file: /var/folders/mt/9rxkrhjx4_92d65wrtq269_h0000gn/T/paimon-pipeline-test17130563388593248612/manifest/manifest-0 (type=PaimonManifestEntry)
00:58:44.162 [Test worker] DEBUG service.AvroReader -- Avro file read complete: /var/folders/mt/9rxkrhjx4_92d65wrtq269_h0000gn/T/paimon-pipeline-test17130563388593248612/manifest/manifest-0 (2 entries, 0 errors)
00:58:44.162 [Test worker] DEBUG model.PaimonUnifiedModel -- Data file not found in bucket-0, falling back to table root: data-0.parquet
00:58:44.162 [Test worker] DEBUG model.PaimonUnifiedModel -- Data file not found in bucket-0, falling back to table root: data-1.parquet
00:58:44.162 [Test worker] INFO model.PaimonUnifiedModel --   Paimon table loaded: 1 snapshots, 1 manifests, 2 data files, 0 errors
00:58:44.164 [Test worker] INFO model.PaimonUnifiedModel -- Loading Paimon table: /var/folders/mt/9rxkrhjx4_92d65wrtq269_h0000gn/T/paimon-pipeline-test5225320285361792645
00:58:44.164 [Test worker] DEBUG service.PaimonReader -- Reading Paimon schema: /var/folders/mt/9rxkrhjx4_92d65wrtq269_h0000gn/T/paimon-pipeline-test5225320285361792645/schema/schema-0
00:58:44.164 [Test worker] DEBUG service.PaimonReader -- Paimon schema read: id=0, fields=0
00:58:44.164 [Test worker] INFO model.PaimonUnifiedModel --   Schemas loaded: 1
00:58:44.164 [Test worker] INFO model.PaimonUnifiedModel --   Snapshot files found: 0
00:58:44.164 [Test worker] INFO model.PaimonUnifiedModel --   Paimon table loaded: 0 snapshots, 0 manifests, 0 data files, 1 errors
00:58:44.164 [Test worker] WARN model.PaimonUnifiedModel --   Read error [list-snapshot-files] /var/folders/mt/9rxkrhjx4_92d65wrtq269_h0000gn/T/paimon-pipeline-test5225320285361792645/snapshot: /var/folders/mt/9rxkrhjx4_92d65wrtq269_h0000gn/T/paimon-pipeline-test5225320285361792645/snapshot
]]></system-out>
  <system-err><![CDATA[]]></system-err>
</testsuite>
