<?xml version="1.0" encoding="UTF-8"?>
<testsuite name="model.IcebergPipelineTest" tests="19" skipped="0" failures="0" errors="0" timestamp="2026-08-13T21:58:43.895Z" hostname="muhammed-mbp" time="0.136">
  <properties/>
  <testcase name="UnifiedTableModel handles empty metadata directory()" classname="model.IcebergPipelineTest" time="0.012"/>
  <testcase name="UnifiedTableModel reads metadata files from directory()" classname="model.IcebergPipelineTest" time="0.016"/>
  <testcase name="full pipeline graph builder preserves file metadata()" classname="model.IcebergPipelineTest" time="0.039"/>
  <testcase name="full pipeline with multiple metadata versions()" classname="model.IcebergPipelineTest" time="0.012"/>
  <testcase name="IcebergReader reads metadata with unknown fields()" classname="model.IcebergPipelineTest" time="0.002"/>
  <testcase name="UnifiedTableModel collects errors for missing manifest list Avro()" classname="model.IcebergPipelineTest" time="0.004"/>
  <testcase name="UnifiedTableModel handles malformed metadata JSON()" classname="model.IcebergPipelineTest" time="0.004"/>
  <testcase name="UnifiedTableModel reads version-hint file()" classname="model.IcebergPipelineTest" time="0.003"/>
  <testcase name="full pipeline reads manifest list and manifest Avro files()" classname="model.IcebergPipelineTest" time="0.01"/>
  <testcase name="UnifiedTableModel reports a version-hint that exists but cannot be read()" classname="model.IcebergPipelineTest" time="0.004"/>
  <testcase name="IcebergReader reads minimal metadata with defaults()" classname="model.IcebergPipelineTest" time="0.001"/>
  <testcase name="UnifiedTableModel sorts metadata by version number()" classname="model.IcebergPipelineTest" time="0.004"/>
  <testcase name="IcebergReader throws on non-existent metadata file()" classname="model.IcebergPipelineTest" time="0.002"/>
  <testcase name="full pipeline produces correct graph structure()" classname="model.IcebergPipelineTest" time="0.008"/>
  <testcase name="UnifiedTableModel handles missing metadata directory()" classname="model.IcebergPipelineTest" time="0.001"/>
  <testcase name="full pipeline with delete manifest content type()" classname="model.IcebergPipelineTest" time="0.007"/>
  <testcase name="IcebergReader reads metadata JSON()" classname="model.IcebergPipelineTest" time="0.001"/>
  <testcase name="UnifiedTableModel treats an absent version-hint as normal, not an error()" classname="model.IcebergPipelineTest" time="0.001"/>
  <testcase name="UnifiedTableModel deduplicates snapshots across metadata files()" classname="model.IcebergPipelineTest" time="0.002"/>
  <system-out><![CDATA[00:58:43.902 [Test worker] INFO model.UnifiedModel -- Loading Iceberg table: /var/folders/mt/9rxkrhjx4_92d65wrtq269_h0000gn/T/iceberg-pipeline-test7620532389898555903
00:58:43.903 [Test worker] INFO model.UnifiedModel --   Iceberg table loaded: 0 metadata files, 0 snapshots, 0 errors
00:58:43.912 [Test worker] INFO model.UnifiedModel -- Loading Iceberg table: /var/folders/mt/9rxkrhjx4_92d65wrtq269_h0000gn/T/iceberg-pipeline-test17312093638058908644
00:58:43.914 [Test worker] DEBUG service.IcebergReader -- Reading Iceberg metadata: /var/folders/mt/9rxkrhjx4_92d65wrtq269_h0000gn/T/iceberg-pipeline-test17312093638058908644/metadata/v1.metadata.json
00:58:43.916 [Test worker] DEBUG service.IcebergReader -- Iceberg metadata read: formatVersion=2, snapshots=1
00:58:43.916 [Test worker] DEBUG service.IcebergReader -- Reading Iceberg manifest list: /var/folders/mt/9rxkrhjx4_92d65wrtq269_h0000gn/T/iceberg-pipeline-test17312093638058908644/metadata/snap-1.avro
00:58:43.916 [Test worker] DEBUG service.AvroReader -- Reading Avro file: /var/folders/mt/9rxkrhjx4_92d65wrtq269_h0000gn/T/iceberg-pipeline-test17312093638058908644/metadata/snap-1.avro (type=ManifestListEntry)
00:58:43.918 [Test worker] INFO model.UnifiedModel --   Iceberg table loaded: 1 metadata files, 1 snapshots, 0 errors
00:58:43.940 [Test worker] INFO model.UnifiedModel -- Loading Iceberg table: /var/folders/mt/9rxkrhjx4_92d65wrtq269_h0000gn/T/iceberg-pipeline-test14016861565842561343
00:58:43.940 [Test worker] DEBUG service.IcebergReader -- Reading Iceberg metadata: /var/folders/mt/9rxkrhjx4_92d65wrtq269_h0000gn/T/iceberg-pipeline-test14016861565842561343/metadata/v1.metadata.json
00:58:43.941 [Test worker] DEBUG service.IcebergReader -- Iceberg metadata read: formatVersion=2, snapshots=1
00:58:43.941 [Test worker] DEBUG service.IcebergReader -- Reading Iceberg manifest list: /var/folders/mt/9rxkrhjx4_92d65wrtq269_h0000gn/T/iceberg-pipeline-test14016861565842561343/metadata/snap-1.avro
00:58:43.941 [Test worker] DEBUG service.AvroReader -- Reading Avro file: /var/folders/mt/9rxkrhjx4_92d65wrtq269_h0000gn/T/iceberg-pipeline-test14016861565842561343/metadata/snap-1.avro (type=ManifestListEntry)
00:58:43.942 [Test worker] DEBUG service.AvroReader -- Avro file read complete: /var/folders/mt/9rxkrhjx4_92d65wrtq269_h0000gn/T/iceberg-pipeline-test14016861565842561343/metadata/snap-1.avro (1 entries, 0 errors)
00:58:43.943 [Test worker] DEBUG service.IcebergReader -- Reading Iceberg manifest: /var/folders/mt/9rxkrhjx4_92d65wrtq269_h0000gn/T/iceberg-pipeline-test14016861565842561343/metadata/manifest-1.avro
00:58:43.943 [Test worker] DEBUG service.AvroReader -- Reading Avro file: /var/folders/mt/9rxkrhjx4_92d65wrtq269_h0000gn/T/iceberg-pipeline-test14016861565842561343/metadata/manifest-1.avro (type=ManifestEntry)
00:58:43.947 [Test worker] DEBUG service.AvroReader -- Avro file read complete: /var/folders/mt/9rxkrhjx4_92d65wrtq269_h0000gn/T/iceberg-pipeline-test14016861565842561343/metadata/manifest-1.avro (2 entries, 0 errors)
00:58:43.948 [Test worker] INFO model.UnifiedModel --   Iceberg table loaded: 1 metadata files, 1 snapshots, 0 errors
00:58:43.966 [Test worker] INFO model.UnifiedModel -- Loading Iceberg table: /var/folders/mt/9rxkrhjx4_92d65wrtq269_h0000gn/T/iceberg-pipeline-test13145041185748778682
00:58:43.967 [Test worker] DEBUG service.IcebergReader -- Reading Iceberg metadata: /var/folders/mt/9rxkrhjx4_92d65wrtq269_h0000gn/T/iceberg-pipeline-test13145041185748778682/metadata/v2.metadata.json
00:58:43.967 [Test worker] DEBUG service.IcebergReader -- Iceberg metadata read: formatVersion=2, snapshots=2
00:58:43.967 [Test worker] DEBUG service.IcebergReader -- Reading Iceberg metadata: /var/folders/mt/9rxkrhjx4_92d65wrtq269_h0000gn/T/iceberg-pipeline-test13145041185748778682/metadata/v1.metadata.json
00:58:43.967 [Test worker] DEBUG service.IcebergReader -- Iceberg metadata read: formatVersion=2, snapshots=1
00:58:43.967 [Test worker] DEBUG service.IcebergReader -- Reading Iceberg manifest list: /var/folders/mt/9rxkrhjx4_92d65wrtq269_h0000gn/T/iceberg-pipeline-test13145041185748778682/metadata/snap-1.avro
00:58:43.967 [Test worker] DEBUG service.AvroReader -- Reading Avro file: /var/folders/mt/9rxkrhjx4_92d65wrtq269_h0000gn/T/iceberg-pipeline-test13145041185748778682/metadata/snap-1.avro (type=ManifestListEntry)
00:58:43.968 [Test worker] DEBUG service.AvroReader -- Avro file read complete: /var/folders/mt/9rxkrhjx4_92d65wrtq269_h0000gn/T/iceberg-pipeline-test13145041185748778682/metadata/snap-1.avro (1 entries, 0 errors)
00:58:43.968 [Test worker] DEBUG service.IcebergReader -- Reading Iceberg manifest: /var/folders/mt/9rxkrhjx4_92d65wrtq269_h0000gn/T/iceberg-pipeline-test13145041185748778682/metadata/manifest-1.avro
00:58:43.968 [Test worker] DEBUG service.AvroReader -- Reading Avro file: /var/folders/mt/9rxkrhjx4_92d65wrtq269_h0000gn/T/iceberg-pipeline-test13145041185748778682/metadata/manifest-1.avro (type=ManifestEntry)
00:58:43.970 [Test worker] DEBUG service.AvroReader -- Avro file read complete: /var/folders/mt/9rxkrhjx4_92d65wrtq269_h0000gn/T/iceberg-pipeline-test13145041185748778682/metadata/manifest-1.avro (1 entries, 0 errors)
00:58:43.970 [Test worker] DEBUG service.IcebergReader -- Reading Iceberg manifest list: /var/folders/mt/9rxkrhjx4_92d65wrtq269_h0000gn/T/iceberg-pipeline-test13145041185748778682/metadata/snap-2.avro
00:58:43.970 [Test worker] DEBUG service.AvroReader -- Reading Avro file: /var/folders/mt/9rxkrhjx4_92d65wrtq269_h0000gn/T/iceberg-pipeline-test13145041185748778682/metadata/snap-2.avro (type=ManifestListEntry)
00:58:43.971 [Test worker] DEBUG service.AvroReader -- Avro file read complete: /var/folders/mt/9rxkrhjx4_92d65wrtq269_h0000gn/T/iceberg-pipeline-test13145041185748778682/metadata/snap-2.avro (1 entries, 0 errors)
00:58:43.971 [Test worker] DEBUG service.IcebergReader -- Reading Iceberg manifest: /var/folders/mt/9rxkrhjx4_92d65wrtq269_h0000gn/T/iceberg-pipeline-test13145041185748778682/metadata/manifest-2.avro
00:58:43.971 [Test worker] DEBUG service.AvroReader -- Reading Avro file: /var/folders/mt/9rxkrhjx4_92d65wrtq269_h0000gn/T/iceberg-pipeline-test13145041185748778682/metadata/manifest-2.avro (type=ManifestEntry)
00:58:43.972 [Test worker] DEBUG service.AvroReader -- Avro file read complete: /var/folders/mt/9rxkrhjx4_92d65wrtq269_h0000gn/T/iceberg-pipeline-test13145041185748778682/metadata/manifest-2.avro (1 entries, 0 errors)
00:58:43.973 [Test worker] INFO model.UnifiedModel --   Iceberg table loaded: 2 metadata files, 3 snapshots, 0 errors
00:58:43.976 [Test worker] DEBUG service.IcebergReader -- Reading Iceberg metadata: /var/folders/mt/9rxkrhjx4_92d65wrtq269_h0000gn/T/iceberg-pipeline-test13818899598810636495/v1.metadata.json
00:58:43.976 [Test worker] DEBUG service.IcebergReader -- Iceberg metadata read: formatVersion=1, snapshots=0
00:58:43.978 [Test worker] INFO model.UnifiedModel -- Loading Iceberg table: /var/folders/mt/9rxkrhjx4_92d65wrtq269_h0000gn/T/iceberg-pipeline-test12891896232112572416
00:58:43.978 [Test worker] DEBUG service.IcebergReader -- Reading Iceberg metadata: /var/folders/mt/9rxkrhjx4_92d65wrtq269_h0000gn/T/iceberg-pipeline-test12891896232112572416/metadata/v1.metadata.json
00:58:43.979 [Test worker] DEBUG service.IcebergReader -- Iceberg metadata read: formatVersion=2, snapshots=1
00:58:43.979 [Test worker] DEBUG service.IcebergReader -- Reading Iceberg manifest list: /var/folders/mt/9rxkrhjx4_92d65wrtq269_h0000gn/T/iceberg-pipeline-test12891896232112572416/metadata/snap-1.avro
00:58:43.979 [Test worker] DEBUG service.AvroReader -- Reading Avro file: /var/folders/mt/9rxkrhjx4_92d65wrtq269_h0000gn/T/iceberg-pipeline-test12891896232112572416/metadata/snap-1.avro (type=ManifestListEntry)
00:58:43.979 [Test worker] INFO model.UnifiedModel --   Iceberg table loaded: 1 metadata files, 1 snapshots, 0 errors
00:58:43.983 [Test worker] INFO model.UnifiedModel -- Loading Iceberg table: /var/folders/mt/9rxkrhjx4_92d65wrtq269_h0000gn/T/iceberg-pipeline-test12151607318816543380
00:58:43.983 [Test worker] DEBUG service.IcebergReader -- Reading Iceberg metadata: /var/folders/mt/9rxkrhjx4_92d65wrtq269_h0000gn/T/iceberg-pipeline-test12151607318816543380/metadata/v2.metadata.json
00:58:43.984 [Test worker] DEBUG service.IcebergReader -- Reading Iceberg metadata: /var/folders/mt/9rxkrhjx4_92d65wrtq269_h0000gn/T/iceberg-pipeline-test12151607318816543380/metadata/v1.metadata.json
00:58:43.985 [Test worker] DEBUG service.IcebergReader -- Iceberg metadata read: formatVersion=2, snapshots=1
00:58:43.985 [Test worker] DEBUG service.IcebergReader -- Reading Iceberg manifest list: /var/folders/mt/9rxkrhjx4_92d65wrtq269_h0000gn/T/iceberg-pipeline-test12151607318816543380/metadata/snap-1.avro
00:58:43.985 [Test worker] DEBUG service.AvroReader -- Reading Avro file: /var/folders/mt/9rxkrhjx4_92d65wrtq269_h0000gn/T/iceberg-pipeline-test12151607318816543380/metadata/snap-1.avro (type=ManifestListEntry)
00:58:43.985 [Test worker] INFO model.UnifiedModel --   Iceberg table loaded: 1 metadata files, 1 snapshots, 1 errors
00:58:43.985 [Test worker] WARN model.UnifiedModel --   Read error [read-metadata-json] /var/folders/mt/9rxkrhjx4_92d65wrtq269_h0000gn/T/iceberg-pipeline-test12151607318816543380/metadata/v2.metadata.json: Unexpected JSON token at offset 0: Expected start of the object '{', but had 'N' instead at path: $
JSON input: NOT VALID JSON
00:58:43.987 [Test worker] INFO model.UnifiedModel -- Loading Iceberg table: /var/folders/mt/9rxkrhjx4_92d65wrtq269_h0000gn/T/iceberg-pipeline-test7516306549562606551
00:58:43.988 [Test worker] DEBUG service.IcebergReader -- Reading Iceberg metadata: /var/folders/mt/9rxkrhjx4_92d65wrtq269_h0000gn/T/iceberg-pipeline-test7516306549562606551/metadata/v1.metadata.json
00:58:43.988 [Test worker] DEBUG service.IcebergReader -- Iceberg metadata read: formatVersion=2, snapshots=0
00:58:43.988 [Test worker] INFO model.UnifiedModel --   Iceberg table loaded: 1 metadata files, 0 snapshots, 0 errors
00:58:43.992 [Test worker] INFO model.UnifiedModel -- Loading Iceberg table: /var/folders/mt/9rxkrhjx4_92d65wrtq269_h0000gn/T/iceberg-pipeline-test8331179325977443453
00:58:43.992 [Test worker] DEBUG service.IcebergReader -- Reading Iceberg metadata: /var/folders/mt/9rxkrhjx4_92d65wrtq269_h0000gn/T/iceberg-pipeline-test8331179325977443453/metadata/v1.metadata.json
00:58:43.992 [Test worker] DEBUG service.IcebergReader -- Iceberg metadata read: formatVersion=2, snapshots=1
00:58:43.992 [Test worker] DEBUG service.IcebergReader -- Reading Iceberg manifest list: /var/folders/mt/9rxkrhjx4_92d65wrtq269_h0000gn/T/iceberg-pipeline-test8331179325977443453/metadata/snap-1.avro
00:58:43.993 [Test worker] DEBUG service.AvroReader -- Reading Avro file: /var/folders/mt/9rxkrhjx4_92d65wrtq269_h0000gn/T/iceberg-pipeline-test8331179325977443453/metadata/snap-1.avro (type=ManifestListEntry)
00:58:43.995 [Test worker] DEBUG service.AvroReader -- Avro file read complete: /var/folders/mt/9rxkrhjx4_92d65wrtq269_h0000gn/T/iceberg-pipeline-test8331179325977443453/metadata/snap-1.avro (1 entries, 0 errors)
00:58:43.995 [Test worker] DEBUG service.IcebergReader -- Reading Iceberg manifest: /var/folders/mt/9rxkrhjx4_92d65wrtq269_h0000gn/T/iceberg-pipeline-test8331179325977443453/metadata/manifest-1.avro
00:58:43.995 [Test worker] DEBUG service.AvroReader -- Reading Avro file: /var/folders/mt/9rxkrhjx4_92d65wrtq269_h0000gn/T/iceberg-pipeline-test8331179325977443453/metadata/manifest-1.avro (type=ManifestEntry)
00:58:43.997 [Test worker] DEBUG service.AvroReader -- Avro file read complete: /var/folders/mt/9rxkrhjx4_92d65wrtq269_h0000gn/T/iceberg-pipeline-test8331179325977443453/metadata/manifest-1.avro (2 entries, 0 errors)
00:58:43.998 [Test worker] INFO model.UnifiedModel --   Iceberg table loaded: 1 metadata files, 1 snapshots, 0 errors
00:58:44.001 [Test worker] INFO model.UnifiedModel -- Loading Iceberg table: /var/folders/mt/9rxkrhjx4_92d65wrtq269_h0000gn/T/iceberg-pipeline-test5043757531617234216
00:58:44.001 [Test worker] DEBUG service.IcebergReader -- Reading Iceberg metadata: /var/folders/mt/9rxkrhjx4_92d65wrtq269_h0000gn/T/iceberg-pipeline-test5043757531617234216/metadata/v1.metadata.json
00:58:44.002 [Test worker] DEBUG service.IcebergReader -- Iceberg metadata read: formatVersion=2, snapshots=0
00:58:44.003 [Test worker] INFO model.UnifiedModel --   Iceberg table loaded: 1 metadata files, 0 snapshots, 1 errors
00:58:44.003 [Test worker] WARN model.UnifiedModel --   Read error [read-version-hint] /var/folders/mt/9rxkrhjx4_92d65wrtq269_h0000gn/T/iceberg-pipeline-test5043757531617234216/metadata/version-hint.text: Is a directory
00:58:44.005 [Test worker] DEBUG service.IcebergReader -- Reading Iceberg metadata: /var/folders/mt/9rxkrhjx4_92d65wrtq269_h0000gn/T/iceberg-pipeline-test12686898047261888687/v1.metadata.json
00:58:44.005 [Test worker] DEBUG service.IcebergReader -- Iceberg metadata read: formatVersion=null, snapshots=0
00:58:44.007 [Test worker] INFO model.UnifiedModel -- Loading Iceberg table: /var/folders/mt/9rxkrhjx4_92d65wrtq269_h0000gn/T/iceberg-pipeline-test11312846497366534846
00:58:44.007 [Test worker] DEBUG service.IcebergReader -- Reading Iceberg metadata: /var/folders/mt/9rxkrhjx4_92d65wrtq269_h0000gn/T/iceberg-pipeline-test11312846497366534846/metadata/v2.metadata.json
00:58:44.007 [Test worker] DEBUG service.IcebergReader -- Iceberg metadata read: formatVersion=2, snapshots=1
00:58:44.007 [Test worker] DEBUG service.IcebergReader -- Reading Iceberg metadata: /var/folders/mt/9rxkrhjx4_92d65wrtq269_h0000gn/T/iceberg-pipeline-test11312846497366534846/metadata/v1.metadata.json
00:58:44.008 [Test worker] DEBUG service.IcebergReader -- Iceberg metadata read: formatVersion=2, snapshots=1
00:58:44.008 [Test worker] DEBUG service.IcebergReader -- Reading Iceberg manifest list: /var/folders/mt/9rxkrhjx4_92d65wrtq269_h0000gn/T/iceberg-pipeline-test11312846497366534846/metadata/snap-2.avro
00:58:44.008 [Test worker] DEBUG service.AvroReader -- Reading Avro file: /var/folders/mt/9rxkrhjx4_92d65wrtq269_h0000gn/T/iceberg-pipeline-test11312846497366534846/metadata/snap-2.avro (type=ManifestListEntry)
00:58:44.008 [Test worker] DEBUG service.IcebergReader -- Reading Iceberg manifest list: /var/folders/mt/9rxkrhjx4_92d65wrtq269_h0000gn/T/iceberg-pipeline-test11312846497366534846/metadata/snap-1.avro
00:58:44.008 [Test worker] DEBUG service.AvroReader -- Reading Avro file: /var/folders/mt/9rxkrhjx4_92d65wrtq269_h0000gn/T/iceberg-pipeline-test11312846497366534846/metadata/snap-1.avro (type=ManifestListEntry)
00:58:44.008 [Test worker] INFO model.UnifiedModel --   Iceberg table loaded: 2 metadata files, 2 snapshots, 0 errors
00:58:44.010 [Test worker] DEBUG service.IcebergReader -- Reading Iceberg metadata: /nonexistent/v1.metadata.json
00:58:44.010 [Test worker] ERROR service.IcebergReader -- Iceberg metadata file not found: /nonexistent/v1.metadata.json
00:58:44.013 [Test worker] INFO model.UnifiedModel -- Loading Iceberg table: /var/folders/mt/9rxkrhjx4_92d65wrtq269_h0000gn/T/iceberg-pipeline-test12101077308014028216
00:58:44.014 [Test worker] DEBUG service.IcebergReader -- Reading Iceberg metadata: /var/folders/mt/9rxkrhjx4_92d65wrtq269_h0000gn/T/iceberg-pipeline-test12101077308014028216/metadata/v1.metadata.json
00:58:44.014 [Test worker] DEBUG service.IcebergReader -- Iceberg metadata read: formatVersion=2, snapshots=1
00:58:44.014 [Test worker] DEBUG service.IcebergReader -- Reading Iceberg manifest list: /var/folders/mt/9rxkrhjx4_92d65wrtq269_h0000gn/T/iceberg-pipeline-test12101077308014028216/metadata/snap-1.avro
00:58:44.014 [Test worker] DEBUG service.AvroReader -- Reading Avro file: /var/folders/mt/9rxkrhjx4_92d65wrtq269_h0000gn/T/iceberg-pipeline-test12101077308014028216/metadata/snap-1.avro (type=ManifestListEntry)
00:58:44.015 [Test worker] DEBUG service.AvroReader -- Avro file read complete: /var/folders/mt/9rxkrhjx4_92d65wrtq269_h0000gn/T/iceberg-pipeline-test12101077308014028216/metadata/snap-1.avro (1 entries, 0 errors)
00:58:44.015 [Test worker] DEBUG service.IcebergReader -- Reading Iceberg manifest: /var/folders/mt/9rxkrhjx4_92d65wrtq269_h0000gn/T/iceberg-pipeline-test12101077308014028216/metadata/manifest-1.avro
00:58:44.015 [Test worker] DEBUG service.AvroReader -- Reading Avro file: /var/folders/mt/9rxkrhjx4_92d65wrtq269_h0000gn/T/iceberg-pipeline-test12101077308014028216/metadata/manifest-1.avro (type=ManifestEntry)
00:58:44.017 [Test worker] DEBUG service.AvroReader -- Avro file read complete: /var/folders/mt/9rxkrhjx4_92d65wrtq269_h0000gn/T/iceberg-pipeline-test12101077308014028216/metadata/manifest-1.avro (2 entries, 0 errors)
00:58:44.017 [Test worker] INFO model.UnifiedModel --   Iceberg table loaded: 1 metadata files, 1 snapshots, 0 errors
00:58:44.020 [Test worker] INFO model.UnifiedModel -- Loading Iceberg table: /var/folders/mt/9rxkrhjx4_92d65wrtq269_h0000gn/T/iceberg-pipeline-test13607005109797213219
00:58:44.020 [Test worker] INFO model.UnifiedModel --   Iceberg table loaded: 0 metadata files, 0 snapshots, 1 errors
00:58:44.020 [Test worker] WARN model.UnifiedModel --   Read error [list-metadata-files] /var/folders/mt/9rxkrhjx4_92d65wrtq269_h0000gn/T/iceberg-pipeline-test13607005109797213219/metadata: /var/folders/mt/9rxkrhjx4_92d65wrtq269_h0000gn/T/iceberg-pipeline-test13607005109797213219/metadata
00:58:44.023 [Test worker] INFO model.UnifiedModel -- Loading Iceberg table: /var/folders/mt/9rxkrhjx4_92d65wrtq269_h0000gn/T/iceberg-pipeline-test6789840380019901348
00:58:44.023 [Test worker] DEBUG service.IcebergReader -- Reading Iceberg metadata: /var/folders/mt/9rxkrhjx4_92d65wrtq269_h0000gn/T/iceberg-pipeline-test6789840380019901348/metadata/v1.metadata.json
00:58:44.023 [Test worker] DEBUG service.IcebergReader -- Iceberg metadata read: formatVersion=2, snapshots=1
00:58:44.023 [Test worker] DEBUG service.IcebergReader -- Reading Iceberg manifest list: /var/folders/mt/9rxkrhjx4_92d65wrtq269_h0000gn/T/iceberg-pipeline-test6789840380019901348/metadata/snap-1.avro
00:58:44.023 [Test worker] DEBUG service.AvroReader -- Reading Avro file: /var/folders/mt/9rxkrhjx4_92d65wrtq269_h0000gn/T/iceberg-pipeline-test6789840380019901348/metadata/snap-1.avro (type=ManifestListEntry)
00:58:44.025 [Test worker] DEBUG service.AvroReader -- Avro file read complete: /var/folders/mt/9rxkrhjx4_92d65wrtq269_h0000gn/T/iceberg-pipeline-test6789840380019901348/metadata/snap-1.avro (2 entries, 0 errors)
00:58:44.025 [Test worker] DEBUG service.IcebergReader -- Reading Iceberg manifest: /var/folders/mt/9rxkrhjx4_92d65wrtq269_h0000gn/T/iceberg-pipeline-test6789840380019901348/metadata/data-manifest.avro
00:58:44.025 [Test worker] DEBUG service.AvroReader -- Reading Avro file: /var/folders/mt/9rxkrhjx4_92d65wrtq269_h0000gn/T/iceberg-pipeline-test6789840380019901348/metadata/data-manifest.avro (type=ManifestEntry)
00:58:44.026 [Test worker] DEBUG service.AvroReader -- Avro file read complete: /var/folders/mt/9rxkrhjx4_92d65wrtq269_h0000gn/T/iceberg-pipeline-test6789840380019901348/metadata/data-manifest.avro (1 entries, 0 errors)
00:58:44.026 [Test worker] DEBUG service.IcebergReader -- Reading Iceberg manifest: /var/folders/mt/9rxkrhjx4_92d65wrtq269_h0000gn/T/iceberg-pipeline-test6789840380019901348/metadata/delete-manifest.avro
00:58:44.026 [Test worker] DEBUG service.AvroReader -- Reading Avro file: /var/folders/mt/9rxkrhjx4_92d65wrtq269_h0000gn/T/iceberg-pipeline-test6789840380019901348/metadata/delete-manifest.avro (type=ManifestEntry)
00:58:44.027 [Test worker] DEBUG service.AvroReader -- Avro file read complete: /var/folders/mt/9rxkrhjx4_92d65wrtq269_h0000gn/T/iceberg-pipeline-test6789840380019901348/metadata/delete-manifest.avro (1 entries, 0 errors)
00:58:44.027 [Test worker] INFO model.UnifiedModel --   Iceberg table loaded: 1 metadata files, 1 snapshots, 0 errors
00:58:44.028 [Test worker] DEBUG service.IcebergReader -- Reading Iceberg metadata: /var/folders/mt/9rxkrhjx4_92d65wrtq269_h0000gn/T/iceberg-pipeline-test5583587848051837802/v1.metadata.json
00:58:44.029 [Test worker] DEBUG service.IcebergReader -- Iceberg metadata read: formatVersion=2, snapshots=1
00:58:44.029 [Test worker] INFO model.UnifiedModel -- Loading Iceberg table: /var/folders/mt/9rxkrhjx4_92d65wrtq269_h0000gn/T/iceberg-pipeline-test3705824172260619794
00:58:44.029 [Test worker] DEBUG service.IcebergReader -- Reading Iceberg metadata: /var/folders/mt/9rxkrhjx4_92d65wrtq269_h0000gn/T/iceberg-pipeline-test3705824172260619794/metadata/v1.metadata.json
00:58:44.030 [Test worker] DEBUG service.IcebergReader -- Iceberg metadata read: formatVersion=2, snapshots=0
00:58:44.030 [Test worker] INFO model.UnifiedModel --   Iceberg table loaded: 1 metadata files, 0 snapshots, 0 errors
00:58:44.031 [Test worker] INFO model.UnifiedModel -- Loading Iceberg table: /var/folders/mt/9rxkrhjx4_92d65wrtq269_h0000gn/T/iceberg-pipeline-test14167750027941134560
00:58:44.031 [Test worker] DEBUG service.IcebergReader -- Reading Iceberg metadata: /var/folders/mt/9rxkrhjx4_92d65wrtq269_h0000gn/T/iceberg-pipeline-test14167750027941134560/metadata/v2.metadata.json
00:58:44.031 [Test worker] DEBUG service.IcebergReader -- Iceberg metadata read: formatVersion=2, snapshots=2
00:58:44.031 [Test worker] DEBUG service.IcebergReader -- Reading Iceberg metadata: /var/folders/mt/9rxkrhjx4_92d65wrtq269_h0000gn/T/iceberg-pipeline-test14167750027941134560/metadata/v1.metadata.json
00:58:44.031 [Test worker] DEBUG service.IcebergReader -- Iceberg metadata read: formatVersion=2, snapshots=1
00:58:44.031 [Test worker] DEBUG service.IcebergReader -- Reading Iceberg manifest list: /var/folders/mt/9rxkrhjx4_92d65wrtq269_h0000gn/T/iceberg-pipeline-test14167750027941134560/metadata/snap-1.avro
00:58:44.031 [Test worker] DEBUG service.AvroReader -- Reading Avro file: /var/folders/mt/9rxkrhjx4_92d65wrtq269_h0000gn/T/iceberg-pipeline-test14167750027941134560/metadata/snap-1.avro (type=ManifestListEntry)
00:58:44.031 [Test worker] DEBUG service.IcebergReader -- Reading Iceberg manifest list: /var/folders/mt/9rxkrhjx4_92d65wrtq269_h0000gn/T/iceberg-pipeline-test14167750027941134560/metadata/snap-2.avro
00:58:44.031 [Test worker] DEBUG service.AvroReader -- Reading Avro file: /var/folders/mt/9rxkrhjx4_92d65wrtq269_h0000gn/T/iceberg-pipeline-test14167750027941134560/metadata/snap-2.avro (type=ManifestListEntry)
00:58:44.032 [Test worker] INFO model.UnifiedModel --   Iceberg table loaded: 2 metadata files, 3 snapshots, 0 errors
]]></system-out>
  <system-err><![CDATA[]]></system-err>
</testsuite>
