<?xml version="1.0" encoding="UTF-8"?>
<testsuite name="service.SampleRowReaderTest" tests="9" skipped="0" failures="0" errors="0" timestamp="2026-08-13T21:47:50.108Z" hostname="muhammed-mbp" time="1.691">
  <properties/>
  <testcase name="querySampleRows rejects unsupported extension()" classname="service.SampleRowReaderTest" time="0.002"/>
  <testcase name="querySampleRows handles NULL values()" classname="service.SampleRowReaderTest" time="1.64"/>
  <testcase name="querySampleRows respects row limit()" classname="service.SampleRowReaderTest" time="0.017"/>
  <testcase name="querySampleRows reads Parquet file created by DuckDB()" classname="service.SampleRowReaderTest" time="0.01"/>
  <testcase name="querySampleRows rejects non-existent file()" classname="service.SampleRowReaderTest" time="0.001"/>
  <testcase name="querySampleRows rejects directory()" classname="service.SampleRowReaderTest" time="0.0"/>
  <testcase name="querySampleRows accepts orc extension()" classname="service.SampleRowReaderTest" time="0.002"/>
  <testcase name="querySampleRows handles empty Parquet file()" classname="service.SampleRowReaderTest" time="0.009"/>
  <testcase name="querySampleRows handles multiple column types()" classname="service.SampleRowReaderTest" time="0.01"/>
  <system-out><![CDATA[00:47:51.740 [Test worker] DEBUG service.SampleRowReader -- Creating new DuckDB connection
00:47:51.749 [Test worker] DEBUG service.SampleRowReader -- Sample rows queried: 2 rows from /private/var/folders/mt/9rxkrhjx4_92d65wrtq269_h0000gn/T/sample-reader-test8008302780681096887/nulls.parquet
00:47:51.766 [Test worker] DEBUG service.SampleRowReader -- Sample rows queried: 50 rows from /private/var/folders/mt/9rxkrhjx4_92d65wrtq269_h0000gn/T/sample-reader-test16169806991197739814/many-rows.parquet
00:47:51.776 [Test worker] DEBUG service.SampleRowReader -- Sample rows queried: 3 rows from /private/var/folders/mt/9rxkrhjx4_92d65wrtq269_h0000gn/T/sample-reader-test12200586903116315716/test.parquet
00:47:51.789 [Test worker] DEBUG service.SampleRowReader -- Sample rows queried: 0 rows from /private/var/folders/mt/9rxkrhjx4_92d65wrtq269_h0000gn/T/sample-reader-test2598273560768623061/empty.parquet
00:47:51.799 [Test worker] DEBUG service.SampleRowReader -- Sample rows queried: 1 rows from /private/var/folders/mt/9rxkrhjx4_92d65wrtq269_h0000gn/T/sample-reader-test9344373845281841328/types.parquet
]]></system-out>
  <system-err><![CDATA[]]></system-err>
</testsuite>
