<?xml version="1.0" encoding="UTF-8"?>
<testsuite name="model.SingleValueDecoderTest" tests="27" skipped="0" failures="0" errors="0" timestamp="2026-08-13T21:58:44.202Z" hostname="muhammed-mbp" time="0.022">
  <properties/>
  <testcase name="timestamp_ns reads nanoseconds, so the same bytes mean a different instant()" classname="model.SingleValueDecoderTest" time="0.002"/>
  <testcase name="negative zero keeps its sign, because it sorts before positive zero()" classname="model.SingleValueDecoderTest" time="0.001"/>
  <testcase name="string is raw UTF-8 with no length prefix()" classname="model.SingleValueDecoderTest" time="0.0"/>
  <testcase name="timestamptz renders as an instant()" classname="model.SingleValueDecoderTest" time="0.0"/>
  <testcase name="bounds from the example table decode to their real values()" classname="model.SingleValueDecoderTest" time="0.0"/>
  <testcase name="nested struct fields are reachable by id()" classname="model.SingleValueDecoderTest" time="0.003"/>
  <testcase name="decimal is unscaled two's-complement big-endian with scale from the schema()" classname="model.SingleValueDecoderTest" time="0.0"/>
  <testcase name="geometry bound omits NaN coordinates()" classname="model.SingleValueDecoderTest" time="0.002"/>
  <testcase name="an unrecognised type is reported by name rather than dropped()" classname="model.SingleValueDecoderTest" time="0.002"/>
  <testcase name="negative decimal uses two's-complement()" classname="model.SingleValueDecoderTest" time="0.0"/>
  <testcase name="decimal byte length varies with the value, not the precision()" classname="model.SingleValueDecoderTest" time="0.0"/>
  <testcase name="date is days since epoch, not millis()" classname="model.SingleValueDecoderTest" time="0.0"/>
  <testcase name="time is microseconds from midnight, not milliseconds()" classname="model.SingleValueDecoderTest" time="0.0"/>
  <testcase name="wrong byte count reports an error and shows hex rather than throwing()" classname="model.SingleValueDecoderTest" time="0.001"/>
  <testcase name="double avoids scientific notation for ordinary magnitudes()" classname="model.SingleValueDecoderTest" time="0.001"/>
  <testcase name="uuid is big-endian, unlike every numeric type()" classname="model.SingleValueDecoderTest" time="0.0"/>
  <testcase name="negative int round-trips()" classname="model.SingleValueDecoderTest" time="0.0"/>
  <testcase name="type strings parse, including the parameterised ones()" classname="model.SingleValueDecoderTest" time="0.002"/>
  <testcase name="long is eight bytes little-endian and survives values beyond Int range()" classname="model.SingleValueDecoderTest" time="0.0"/>
  <testcase name="raw bytes are always retained so a wrong decode can be checked()" classname="model.SingleValueDecoderTest" time="0.001"/>
  <testcase name="infinities are named rather than printed as huge numbers()" classname="model.SingleValueDecoderTest" time="0.0"/>
  <testcase name="geometry bound decodes as concatenated little-endian doubles()" classname="model.SingleValueDecoderTest" time="0.0"/>
  <testcase name="timestamp is microseconds since epoch and renders without a zone()" classname="model.SingleValueDecoderTest" time="0.001"/>
  <testcase name="a manifest's embedded schema yields a field-id to type map()" classname="model.SingleValueDecoderTest" time="0.0"/>
  <testcase name="string handles multi-byte characters()" classname="model.SingleValueDecoderTest" time="0.0"/>
  <testcase name="boolean is one byte()" classname="model.SingleValueDecoderTest" time="0.0"/>
  <testcase name="int is four bytes little-endian()" classname="model.SingleValueDecoderTest" time="0.001"/>
  <system-out><![CDATA[]]></system-out>
  <system-err><![CDATA[]]></system-err>
</testsuite>
