<?xml version="1.0" encoding="UTF-8"?>
<testsuite name="service.PerformanceTest" tests="9" skipped="0" failures="0" errors="0" timestamp="2026-08-13T21:59:16.826Z" hostname="muhammed-mbp" time="0.639">
  <properties/>
  <testcase name="layout small table under 500ms()" classname="service.PerformanceTest" time="0.008"/>
  <testcase name="layout large table under 10s()" classname="service.PerformanceTest" time="0.31"/>
  <testcase name="filtered graph model performance()" classname="service.PerformanceTest" time="0.066"/>
  <testcase name="node lookup performance with nodeById()" classname="service.PerformanceTest" time="0.102"/>
  <testcase name="graph builder is O(n) in total artifacts()" classname="service.PerformanceTest" time="0.037"/>
  <testcase name="snapshot filter performance with many nodes()" classname="service.PerformanceTest" time="0.069"/>
  <testcase name="DuckDB connection reuse()" classname="service.PerformanceTest" time="0.005"/>
  <testcase name="layout medium table under 3s()" classname="service.PerformanceTest" time="0.037"/>
  <testcase name="graph builder produces realistic edge counts()" classname="service.PerformanceTest" time="0.003"/>
  <system-out><![CDATA[00:59:16.828 [Test worker] DEBUG service.GraphLayoutService -- Building ICEBERG graph for: perf_test_table
00:59:16.830 [Test worker] DEBUG service.GraphLayoutService -- ICEBERG graph built: 81 nodes, 80 edges
Small table layout: 6ms
00:59:16.839 [Test worker] DEBUG service.GraphLayoutService -- Building ICEBERG graph for: perf_test_table
00:59:16.930 [Test worker] DEBUG service.GraphLayoutService -- ICEBERG graph built: 4511 nodes, 4510 edges
Large table layout: 305ms
00:59:17.146 [Test worker] DEBUG service.GraphLayoutService -- Building ICEBERG graph for: perf_test_table
00:59:17.159 [Test worker] DEBUG service.GraphLayoutService -- ICEBERG graph built: 856 nodes, 855 edges
100x filteredGraphModel: 25ms (0.25ms/call)
00:59:17.212 [Test worker] DEBUG service.GraphLayoutService -- Building ICEBERG graph for: perf_test_table
00:59:17.225 [Test worker] DEBUG service.GraphLayoutService -- ICEBERG graph built: 856 nodes, 855 edges
10000x full nodeById scan: 62ms
Small: 81 nodes in 3ms, Large: 605 nodes in 18ms
Size ratio: 7.4691358, Time ratio: 6.0
00:59:17.352 [Test worker] DEBUG service.GraphLayoutService -- Building ICEBERG graph for: perf_test_table
00:59:17.362 [Test worker] DEBUG service.GraphLayoutService -- ICEBERG graph built: 856 nodes, 855 edges
100x snapshot filter: 33ms (0.33ms/call)
5x DuckDB connection attempts: 4ms
00:59:17.430 [Test worker] DEBUG service.GraphLayoutService -- Building ICEBERG graph for: perf_test_table
00:59:17.439 [Test worker] DEBUG service.GraphLayoutService -- ICEBERG graph built: 856 nodes, 855 edges
Medium table layout: 31ms
Graph: 232 nodes, 231 edges (ratio: 0.99568963)
]]></system-out>
  <system-err><![CDATA[]]></system-err>
</testsuite>
