<?xml version="1.0" encoding="UTF-8"?>
<testsuite name="ui.AppStateTest" tests="35" skipped="0" failures="0" errors="0" timestamp="2026-08-13T21:59:26.921Z" hostname="muhammed-mbp" time="0.293">
  <properties/>
  <testcase name="setGraphModelAndBump increments revision()" classname="ui.AppStateTest" time="0.002"/>
  <testcase name="addWorkspaceRoot ignores duplicate paths()" classname="ui.AppStateTest" time="0.005"/>
  <testcase name="session cache is initially empty()" classname="ui.AppStateTest" time="0.001"/>
  <testcase name="computeTableFingerprint detects Paimon snapshot files()" classname="ui.AppStateTest" time="0.019"/>
  <testcase name="single table status is EXISTING for valid path()" classname="ui.AppStateTest" time="0.003"/>
  <testcase name="single table status is DELETED for missing path on restore()" classname="ui.AppStateTest" time="0.002"/>
  <testcase name="addWorkspaceRoot auto-expands warehouse()" classname="ui.AppStateTest" time="0.002"/>
  <testcase name="saveCurrentSessionSelection does nothing without selected table()" classname="ui.AppStateTest" time="0.001"/>
  <testcase name="session cache evicts oldest entry past max size()" classname="ui.AppStateTest" time="0.001"/>
  <testcase name="addWorkspaceRoot ignores non-existent path()" classname="ui.AppStateTest" time="0.001"/>
  <testcase name="workspace items are persisted and restored()" classname="ui.AppStateTest" time="0.003"/>
  <testcase name="setGraphModelAndBump with null clears graph()" classname="ui.AppStateTest" time="0.001"/>
  <testcase name="updateShowRows persists value()" classname="ui.AppStateTest" time="0.002"/>
  <testcase name="computeTableFingerprint returns empty for dir without metadata files()" classname="ui.AppStateTest" time="0.001"/>
  <testcase name="initial snapshot filter state is empty()" classname="ui.AppStateTest" time="0.001"/>
  <testcase name="refreshWarehouseTables detects new tables()" classname="ui.AppStateTest" time="0.004"/>
  <testcase name="addWorkspaceRoot scans warehouse for nested tables()" classname="ui.AppStateTest" time="0.004"/>
  <testcase name="workspace items with missing paths are preserved on restore()" classname="ui.AppStateTest" time="0.003"/>
  <testcase name="computeTableFingerprint changes when Paimon schema file changes()" classname="ui.AppStateTest" time="0.061"/>
  <testcase name="addWorkspaceRoot adds a SingleTable for Paimon table directory()" classname="ui.AppStateTest" time="0.003"/>
  <testcase name="expanded paths are persisted and restored()" classname="ui.AppStateTest" time="0.003"/>
  <testcase name="error message can be set and cleared()" classname="ui.AppStateTest" time="0.008"/>
  <testcase name="warehouse table statuses initialized as EXISTING()" classname="ui.AppStateTest" time="0.02"/>
  <testcase name="computeTableFingerprint changes when metadata file changes()" classname="ui.AppStateTest" time="0.059"/>
  <testcase name="addWorkspaceRoot adds a warehouse for non-table directory()" classname="ui.AppStateTest" time="0.01"/>
  <testcase name="last browse directory is persisted and restored()" classname="ui.AppStateTest" time="0.002"/>
  <testcase name="refreshWarehouseTables detects deleted tables()" classname="ui.AppStateTest" time="0.004"/>
  <testcase name="moveWorkspaceRoot clamps to bounds()" classname="ui.AppStateTest" time="0.003"/>
  <testcase name="initial state has empty workspace()" classname="ui.AppStateTest" time="0.001"/>
  <testcase name="removeWorkspaceRoot removes the item()" classname="ui.AppStateTest" time="0.004"/>
  <testcase name="computeTableFingerprint changes when new metadata file added()" classname="ui.AppStateTest" time="0.002"/>
  <testcase name="moveWorkspaceRoot reorders items()" classname="ui.AppStateTest" time="0.026"/>
  <testcase name="updateSnapshotFilterSelection constrains to available nodes()" classname="ui.AppStateTest" time="0.006"/>
  <testcase name="addWorkspaceRoot adds a SingleTable for Iceberg table directory()" classname="ui.AppStateTest" time="0.013"/>
  <testcase name="computeTableFingerprint returns missing for non-existent dir()" classname="ui.AppStateTest" time="0.003"/>
  <system-out><![CDATA[00:59:26.923 INFO  [ui.AppState] Loading persisted workspace state
00:59:26.925 INFO  [ui.AppState] Loading persisted workspace state
00:59:26.926 INFO  [ui.AppState] Adding workspace root: /private/var/folders/mt/9rxkrhjx4_92d65wrtq269_h0000gn/T/ws-test11193127585574537635 (Warehouse)
00:59:26.926 INFO  [ui.AppState]   Found 0 tables in warehouse
00:59:26.933 INFO  [ui.AppState] Loading persisted workspace state
00:59:26.935 INFO  [ui.AppState] Loading persisted workspace state
00:59:26.953 INFO  [ui.AppState] Loading persisted workspace state
00:59:26.954 INFO  [ui.AppState] Adding workspace root: /private/var/folders/mt/9rxkrhjx4_92d65wrtq269_h0000gn/T/ws-test3926286645711754784 (SingleTable)
00:59:26.956 INFO  [ui.AppState] Loading persisted workspace state
00:59:26.956 INFO  [ui.AppState] Adding workspace root: /private/var/folders/mt/9rxkrhjx4_92d65wrtq269_h0000gn/T/ws-test10261061726516963404 (SingleTable)
00:59:26.957 INFO  [ui.AppState] Loading persisted workspace state
00:59:26.958 INFO  [ui.AppState] Loading persisted workspace state
00:59:26.958 INFO  [ui.AppState] Adding workspace root: /private/var/folders/mt/9rxkrhjx4_92d65wrtq269_h0000gn/T/ws-test14505719452279132933 (Warehouse)
00:59:26.959 INFO  [ui.AppState]   Found 0 tables in warehouse
00:59:26.960 INFO  [ui.AppState] Loading persisted workspace state
00:59:26.962 INFO  [ui.AppState] Loading persisted workspace state
00:59:26.963 INFO  [ui.AppState] Loading persisted workspace state
00:59:26.963 WARN  [ui.AppState] Cannot add workspace root — path does not exist or is not a directory: /nonexistent/path/that/does/not/exist
00:59:26.964 INFO  [ui.AppState] Loading persisted workspace state
00:59:26.965 INFO  [ui.AppState] Adding workspace root: /private/var/folders/mt/9rxkrhjx4_92d65wrtq269_h0000gn/T/ws-test377007315843449934 (Warehouse)
00:59:26.965 INFO  [ui.AppState]   Found 0 tables in warehouse
00:59:26.966 INFO  [ui.AppState] Loading persisted workspace state
00:59:26.967 INFO  [ui.AppState] Loading persisted workspace state
00:59:26.968 INFO  [ui.AppState] Loading persisted workspace state
00:59:26.969 INFO  [ui.AppState] Loading persisted workspace state
00:59:26.970 INFO  [ui.AppState] Loading persisted workspace state
00:59:26.971 INFO  [ui.AppState] Loading persisted workspace state
00:59:26.973 INFO  [ui.AppState] Loading persisted workspace state
00:59:26.973 INFO  [ui.AppState] Adding workspace root: /private/var/folders/mt/9rxkrhjx4_92d65wrtq269_h0000gn/T/ws-test8050392900906021330 (Warehouse)
00:59:26.973 INFO  [ui.AppState]   Found 0 tables in warehouse
00:59:26.976 INFO  [ui.AppState] Loading persisted workspace state
00:59:26.978 INFO  [ui.AppState] Adding workspace root: /private/var/folders/mt/9rxkrhjx4_92d65wrtq269_h0000gn/T/ws-test7049680035299795772 (Warehouse)
00:59:26.978 INFO  [ui.AppState]   Found 2 tables in warehouse
00:59:26.981 INFO  [ui.AppState] Loading persisted workspace state
00:59:26.981 INFO  [ui.AppState] Adding workspace root: /private/var/folders/mt/9rxkrhjx4_92d65wrtq269_h0000gn/T/ws-test2542867060255188811 (Warehouse)
00:59:26.981 INFO  [ui.AppState]   Found 0 tables in warehouse
00:59:26.982 INFO  [ui.AppState] Loading persisted workspace state
00:59:26.984 INFO  [ui.AppState] Loading persisted workspace state
00:59:27.046 INFO  [ui.AppState] Loading persisted workspace state
00:59:27.046 INFO  [ui.AppState] Adding workspace root: /private/var/folders/mt/9rxkrhjx4_92d65wrtq269_h0000gn/T/ws-test4686434694973852732 (SingleTable)
00:59:27.048 INFO  [ui.AppState] Loading persisted workspace state
00:59:27.049 INFO  [ui.AppState] Adding workspace root: /private/var/folders/mt/9rxkrhjx4_92d65wrtq269_h0000gn/T/ws-test14517703268161351967 (Warehouse)
00:59:27.049 INFO  [ui.AppState]   Found 0 tables in warehouse
00:59:27.050 INFO  [ui.AppState] Loading persisted workspace state
00:59:27.057 INFO  [ui.AppState] Loading persisted workspace state
00:59:27.059 INFO  [ui.AppState] Loading persisted workspace state
00:59:27.061 INFO  [ui.AppState] Adding workspace root: /private/var/folders/mt/9rxkrhjx4_92d65wrtq269_h0000gn/T/ws-test10042637091329768368 (Warehouse)
00:59:27.061 INFO  [ui.AppState]   Found 1 tables in warehouse
00:59:27.080 INFO  [ui.AppState] Loading persisted workspace state
00:59:27.144 INFO  [ui.AppState] Loading persisted workspace state
00:59:27.145 INFO  [ui.AppState] Adding workspace root: /private/var/folders/mt/9rxkrhjx4_92d65wrtq269_h0000gn/T/ws-test16636487009145294671 (Warehouse)
00:59:27.146 INFO  [ui.AppState]   Found 0 tables in warehouse
00:59:27.148 INFO  [ui.AppState] Loading persisted workspace state
00:59:27.149 INFO  [ui.AppState] Loading persisted workspace state
00:59:27.150 INFO  [ui.AppState] Loading persisted workspace state
00:59:27.151 INFO  [ui.AppState] Adding workspace root: /private/var/folders/mt/9rxkrhjx4_92d65wrtq269_h0000gn/T/ws-test7640158134087054640 (Warehouse)
00:59:27.151 INFO  [ui.AppState]   Found 1 tables in warehouse
00:59:27.154 INFO  [ui.AppState] Loading persisted workspace state
00:59:27.155 INFO  [ui.AppState] Adding workspace root: /private/var/folders/mt/9rxkrhjx4_92d65wrtq269_h0000gn/T/ws-test-15644563239118280586 (Warehouse)
00:59:27.155 INFO  [ui.AppState]   Found 0 tables in warehouse
00:59:27.157 INFO  [ui.AppState] Loading persisted workspace state
00:59:27.159 INFO  [ui.AppState] Loading persisted workspace state
00:59:27.159 INFO  [ui.AppState] Adding workspace root: /private/var/folders/mt/9rxkrhjx4_92d65wrtq269_h0000gn/T/ws-test3836514117763623664 (Warehouse)
00:59:27.159 INFO  [ui.AppState]   Found 0 tables in warehouse
00:59:27.162 INFO  [ui.AppState] Loading persisted workspace state
00:59:27.167 INFO  [ui.AppState] Loading persisted workspace state
00:59:27.171 INFO  [ui.AppState] Adding workspace root: /private/var/folders/mt/9rxkrhjx4_92d65wrtq269_h0000gn/T/ws-test-111540751839189834800 (Warehouse)
00:59:27.172 INFO  [ui.AppState]   Found 0 tables in warehouse
00:59:27.176 INFO  [ui.AppState] Adding workspace root: /private/var/folders/mt/9rxkrhjx4_92d65wrtq269_h0000gn/T/ws-test-25319835375024882399 (Warehouse)
00:59:27.177 INFO  [ui.AppState]   Found 0 tables in warehouse
00:59:27.194 INFO  [ui.AppState] Loading persisted workspace state
00:59:27.203 INFO  [ui.AppState] Loading persisted workspace state
00:59:27.204 INFO  [ui.AppState] Adding workspace root: /private/var/folders/mt/9rxkrhjx4_92d65wrtq269_h0000gn/T/ws-test8327248966541653201 (SingleTable)
00:59:27.213 INFO  [ui.AppState] Loading persisted workspace state
]]></system-out>
  <system-err><![CDATA[]]></system-err>
</testsuite>
