<?xml version="1.0" encoding="UTF-8"?>
<testsuite name="ui.NodePositionsTest" tests="5" skipped="0" failures="0" errors="0" timestamp="2026-08-13T21:59:27.225Z" hostname="muhammed-mbp" time="0.006">
  <properties/>
  <testcase name="an undragged node sits where layout put it()" classname="ui.NodePositionsTest" time="0.002"/>
  <testcase name="restoring an undo snapshot puts the node back()" classname="ui.NodePositionsTest" time="0.003"/>
  <testcase name="only dragged nodes appear in the undo snapshot()" classname="ui.NodePositionsTest" time="0.0"/>
  <testcase name="effective covers every node, dragged or not()" classname="ui.NodePositionsTest" time="0.001"/>
  <testcase name="a drag overrides the layout position without mutating the graph()" classname="ui.NodePositionsTest" time="0.0"/>
  <system-out><![CDATA[]]></system-out>
  <system-err><![CDATA[]]></system-err>
</testsuite>
